<?xml version="1.0" encoding="UTF-8"?>
<robot generator="Robot 7.3.1 (Python 3.13.5 on darwin)" generated="2025-06-25T18:48:26.564415" rpa="false" schemaversion="5">
<suite id="s1" name="Tests" source="/Users/cas/Personal Files/Projects/Trabalho/CompassUOL/PB/cinema-challenge-app-tests/backend-tests/tests">
<suite id="s1-s1" name="Test Authentication" source="/Users/cas/Personal Files/Projects/Trabalho/CompassUOL/PB/cinema-challenge-app-tests/backend-tests/tests/test_authentication.robot">
<kw name="Setup and Teardown" owner="base" type="SETUP">
<kw name="Create Session" owner="RequestsLibrary">
<msg time="2025-06-25T18:48:26.647988" level="INFO">Creating Session using : alias=api, url=http://localhost:3000/api/v1, headers={},                     cookies={}, auth=None, timeout=None, proxies=None, verify=False,                     debug=0 </msg>
<arg>api</arg>
<arg>${BASE_URL}</arg>
<doc>Create Session: create a HTTP session to a server</doc>
<status status="PASS" start="2025-06-25T18:48:26.647908" elapsed="0.000165"/>
</kw>
<kw name="Log In Admin And Set Token" owner="base">
<kw name="Login User" owner="auth_keywords">
<kw name="Create Dictionary" owner="BuiltIn">
<msg time="2025-06-25T18:48:26.648560" level="INFO">${body} = {'email': 'adminuser@example.com', 'password': 'password123'}</msg>
<var>${body}</var>
<arg>email=${email}</arg>
<arg>password=${password}</arg>
<doc>Creates and returns a dictionary based on the given ``items``.</doc>
<status status="PASS" start="2025-06-25T18:48:26.648436" elapsed="0.000136"/>
</kw>
<kw name="POST On Session" owner="RequestsLibrary">
<msg time="2025-06-25T18:48:26.763068" level="INFO">POST Request : url=http://localhost:3000/api/v1/auth/login 
 path_url=/api/v1/auth/login 
 headers={'User-Agent': 'python-requests/2.32.4', 'Accept-Encoding': 'gzip, deflate', 'Accept': '*/*', 'Connection': 'keep-alive', 'Content-Length': '61', 'Content-Type': 'application/json'} 
 body=b'{"email": "adminuser@example.com", "password": "password123"}' 
 </msg>
<msg time="2025-06-25T18:48:26.763122" level="INFO">POST Response : url=http://localhost:3000/api/v1/auth/login 
 status=200, reason=OK 
 headers={'X-Powered-By': 'Express', 'Access-Control-Allow-Origin': '*', 'Content-Type': 'application/json; charset=utf-8', 'Content-Length': '327', 'ETag': 'W/"147-CfZwA7U4oIbCo/8EaWv/p38K3us"', 'Date': 'Wed, 25 Jun 2025 21:48:26 GMT', 'Connection': 'keep-alive', 'Keep-Alive': 'timeout=5'} 
 body={"success":true,"data":{"_id":"685af046a182c096ff7ed67d","name":"AdminUpdated 1750887849.246224","email":"adminuser@example.com","role":"admin","token":"eyJhbGciOiJIUzI1NiIsInR5cCI6IkpXVCJ9.eyJpZCI6IjY4NWFmMDQ2YTE4MmMwOTZmZjdlZDY3ZCIsImlhdCI6MTc1MDg4ODEwNiwiZXhwIjoxNzUwOTc0NTA2fQ.y6K7le4UZ9RXTO2o5R7ygPuIS89doyfNEvTME3mh84c"}} 
 </msg>
<msg time="2025-06-25T18:48:26.763181" level="INFO">${response} = &lt;Response [200]&gt;</msg>
<var>${response}</var>
<arg>api</arg>
<arg>/auth/login</arg>
<arg>json=${body}</arg>
<doc>Sends a POST request on a previously created HTTP Session.</doc>
<status status="PASS" start="2025-06-25T18:48:26.648620" elapsed="0.114573"/>
</kw>
<kw name="Should Be Equal As Strings" owner="BuiltIn">
<msg time="2025-06-25T18:48:26.763488" level="INFO">Argument types are:
&lt;class 'int'&gt;
&lt;class 'str'&gt;</msg>
<arg>${response.status_code}</arg>
<arg>200</arg>
<doc>Fails if objects are unequal after converting them to strings.</doc>
<status status="PASS" start="2025-06-25T18:48:26.763271" elapsed="0.000239"/>
</kw>
<kw name="Get Value From Json" owner="JSONLibrary">
<msg time="2025-06-25T18:48:26.772348" level="INFO">${token} = ['eyJhbGciOiJIUzI1NiIsInR5cCI6IkpXVCJ9.eyJpZCI6IjY4NWFmMDQ2YTE4MmMwOTZmZjdlZDY3ZCIsImlhdCI6MTc1MDg4ODEwNiwiZXhwIjoxNzUwOTc0NTA2fQ.y6K7le4UZ9RXTO2o5R7ygPuIS89doyfNEvTME3mh84c']</msg>
<var>${token}</var>
<arg>${response.json()}</arg>
<arg>$.data.token</arg>
<doc>Get Value From JSON using JSONPath</doc>
<status status="PASS" start="2025-06-25T18:48:26.763559" elapsed="0.008805"/>
</kw>
<return>
<value>${token[0]}</value>
<status status="PASS" start="2025-06-25T18:48:26.772391" elapsed="0.000023"/>
</return>
<msg time="2025-06-25T18:48:26.772631" level="INFO">${token} = eyJhbGciOiJIUzI1NiIsInR5cCI6IkpXVCJ9.eyJpZCI6IjY4NWFmMDQ2YTE4MmMwOTZmZjdlZDY3ZCIsImlhdCI6MTc1MDg4ODEwNiwiZXhwIjoxNzUwOTc0NTA2fQ.y6K7le4UZ9RXTO2o5R7ygPuIS89doyfNEvTME3mh84c</msg>
<var>${token}</var>
<arg>${ADMIN_EMAIL}</arg>
<arg>${ADMIN_PASSWORD}</arg>
<status status="PASS" start="2025-06-25T18:48:26.648230" elapsed="0.124412"/>
</kw>
<kw name="Set Suite Variable" owner="BuiltIn">
<msg time="2025-06-25T18:48:26.772955" level="INFO">${ADMIN_TOKEN} = eyJhbGciOiJIUzI1NiIsInR5cCI6IkpXVCJ9.eyJpZCI6IjY4NWFmMDQ2YTE4MmMwOTZmZjdlZDY3ZCIsImlhdCI6MTc1MDg4ODEwNiwiZXhwIjoxNzUwOTc0NTA2fQ.y6K7le4UZ9RXTO2o5R7ygPuIS89doyfNEvTME3mh84c</msg>
<arg>${ADMIN_TOKEN}</arg>
<arg>${token}</arg>
<doc>Makes a variable available everywhere within the scope of the current suite.</doc>
<status status="PASS" start="2025-06-25T18:48:26.772701" elapsed="0.000272"/>
</kw>
<status status="PASS" start="2025-06-25T18:48:26.648146" elapsed="0.124849"/>
</kw>
<kw name="Log In Regular User And Set Token" owner="base">
<kw name="Login User" owner="auth_keywords">
<kw name="Create Dictionary" owner="BuiltIn">
<msg time="2025-06-25T18:48:26.773334" level="INFO">${body} = {'email': 'regularuser@example.com', 'password': 'password123'}</msg>
<var>${body}</var>
<arg>email=${email}</arg>
<arg>password=${password}</arg>
<doc>Creates and returns a dictionary based on the given ``items``.</doc>
<status status="PASS" start="2025-06-25T18:48:26.773242" elapsed="0.000102"/>
</kw>
<kw name="POST On Session" owner="RequestsLibrary">
<msg time="2025-06-25T18:48:26.881527" level="INFO">POST Request : url=http://localhost:3000/api/v1/auth/login 
 path_url=/api/v1/auth/login 
 headers={'User-Agent': 'python-requests/2.32.4', 'Accept-Encoding': 'gzip, deflate', 'Accept': '*/*', 'Connection': 'keep-alive', 'Content-Length': '63', 'Content-Type': 'application/json'} 
 body=b'{"email": "regularuser@example.com", "password": "password123"}' 
 </msg>
<msg time="2025-06-25T18:48:26.881558" level="INFO">POST Response : url=http://localhost:3000/api/v1/auth/login 
 status=200, reason=OK 
 headers={'X-Powered-By': 'Express', 'Access-Control-Allow-Origin': '*', 'Content-Type': 'application/json; charset=utf-8', 'Content-Length': '327', 'ETag': 'W/"147-46YqZrTDBTfc612WalLNYxMjqUM"', 'Date': 'Wed, 25 Jun 2025 21:48:26 GMT', 'Connection': 'keep-alive', 'Keep-Alive': 'timeout=5'} 
 body={"success":true,"data":{"_id":"685b0275a182c096ff7ed6d9","name":"Updated Name 1750884264.54844","email":"regularuser@example.com","role":"user","token":"eyJhbGciOiJIUzI1NiIsInR5cCI6IkpXVCJ9.eyJpZCI6IjY4NWIwMjc1YTE4MmMwOTZmZjdlZDZkOSIsImlhdCI6MTc1MDg4ODEwNiwiZXhwIjoxNzUwOTc0NTA2fQ.3vWGPShhOJbr9otKjO8O0VGo8ONmbmvN7RX0kY_PBT4"}} 
 </msg>
<msg time="2025-06-25T18:48:26.881603" level="INFO">${response} = &lt;Response [200]&gt;</msg>
<var>${response}</var>
<arg>api</arg>
<arg>/auth/login</arg>
<arg>json=${body}</arg>
<doc>Sends a POST request on a previously created HTTP Session.</doc>
<status status="PASS" start="2025-06-25T18:48:26.773386" elapsed="0.108228"/>
</kw>
<kw name="Should Be Equal As Strings" owner="BuiltIn">
<msg time="2025-06-25T18:48:26.881867" level="INFO">Argument types are:
&lt;class 'int'&gt;
&lt;class 'str'&gt;</msg>
<arg>${response.status_code}</arg>
<arg>200</arg>
<doc>Fails if objects are unequal after converting them to strings.</doc>
<status status="PASS" start="2025-06-25T18:48:26.881674" elapsed="0.000213"/>
</kw>
<kw name="Get Value From Json" owner="JSONLibrary">
<msg time="2025-06-25T18:48:26.889642" level="INFO">${token} = ['eyJhbGciOiJIUzI1NiIsInR5cCI6IkpXVCJ9.eyJpZCI6IjY4NWIwMjc1YTE4MmMwOTZmZjdlZDZkOSIsImlhdCI6MTc1MDg4ODEwNiwiZXhwIjoxNzUwOTc0NTA2fQ.3vWGPShhOJbr9otKjO8O0VGo8ONmbmvN7RX0kY_PBT4']</msg>
<var>${token}</var>
<arg>${response.json()}</arg>
<arg>$.data.token</arg>
<doc>Get Value From JSON using JSONPath</doc>
<status status="PASS" start="2025-06-25T18:48:26.881934" elapsed="0.007721"/>
</kw>
<return>
<value>${token[0]}</value>
<status status="PASS" start="2025-06-25T18:48:26.889678" elapsed="0.000017"/>
</return>
<msg time="2025-06-25T18:48:26.889929" level="INFO">${token} = eyJhbGciOiJIUzI1NiIsInR5cCI6IkpXVCJ9.eyJpZCI6IjY4NWIwMjc1YTE4MmMwOTZmZjdlZDZkOSIsImlhdCI6MTc1MDg4ODEwNiwiZXhwIjoxNzUwOTc0NTA2fQ.3vWGPShhOJbr9otKjO8O0VGo8ONmbmvN7RX0kY_PBT4</msg>
<var>${token}</var>
<arg>${USER_EMAIL}</arg>
<arg>${USER_PASSWORD}</arg>
<status status="PASS" start="2025-06-25T18:48:26.773146" elapsed="0.116794"/>
</kw>
<kw name="Set Suite Variable" owner="BuiltIn">
<msg time="2025-06-25T18:48:26.890237" level="INFO">${USER_TOKEN} = eyJhbGciOiJIUzI1NiIsInR5cCI6IkpXVCJ9.eyJpZCI6IjY4NWIwMjc1YTE4MmMwOTZmZjdlZDZkOSIsImlhdCI6MTc1MDg4ODEwNiwiZXhwIjoxNzUwOTc0NTA2fQ.3vWGPShhOJbr9otKjO8O0VGo8ONmbmvN7RX0kY_PBT4</msg>
<arg>${USER_TOKEN}</arg>
<arg>${token}</arg>
<doc>Makes a variable available everywhere within the scope of the current suite.</doc>
<status status="PASS" start="2025-06-25T18:48:26.889992" elapsed="0.000262"/>
</kw>
<status status="PASS" start="2025-06-25T18:48:26.773056" elapsed="0.117219"/>
</kw>
<status status="PASS" start="2025-06-25T18:48:26.647764" elapsed="0.242526"/>
</kw>
<test id="s1-s1-t1" name="Cenário: Registrar novo usuário com dados válidos" line="6">
<kw name="Get Current Date" owner="DateTime">
<msg time="2025-06-25T18:48:26.890591" level="INFO">${timestamp} = 1750888106.890563</msg>
<var>${timestamp}</var>
<arg>result_format=epoch</arg>
<doc>Returns current local or UTC time with an optional increment.</doc>
<status status="PASS" start="2025-06-25T18:48:26.890498" elapsed="0.000102"/>
</kw>
<kw name="Register New User" owner="auth_keywords">
<kw name="Create Dictionary" owner="BuiltIn">
<msg time="2025-06-25T18:48:26.890921" level="INFO">${body} = {'name': 'Test User 1750888106.890563', 'email': 'testuser1750888106.890563@example.com', 'password': 'password123'}</msg>
<var>${body}</var>
<arg>name=${name}</arg>
<arg>email=${email}</arg>
<arg>password=${password}</arg>
<doc>Creates and returns a dictionary based on the given ``items``.</doc>
<status status="PASS" start="2025-06-25T18:48:26.890825" elapsed="0.000105"/>
</kw>
<kw name="POST On Session" owner="RequestsLibrary">
<msg time="2025-06-25T18:48:27.046932" level="INFO">POST Request : url=http://localhost:3000/api/v1/auth/register 
 path_url=/api/v1/auth/register 
 headers={'User-Agent': 'python-requests/2.32.4', 'Accept-Encoding': 'gzip, deflate', 'Accept': '*/*', 'Connection': 'keep-alive', 'Content-Length': '116', 'Content-Type': 'application/json'} 
 body=b'{"name": "Test User 1750888106.890563", "email": "testuser1750888106.890563@example.com", "password": "password123"}' 
 </msg>
<msg time="2025-06-25T18:48:27.046977" level="INFO">POST Response : url=http://localhost:3000/api/v1/auth/register 
 status=201, reason=Created 
 headers={'X-Powered-By': 'Express', 'Access-Control-Allow-Origin': '*', 'Content-Type': 'application/json; charset=utf-8', 'Content-Length': '339', 'ETag': 'W/"153-85uisoAZWAojj2Zsvs/O8Tik+9o"', 'Date': 'Wed, 25 Jun 2025 21:48:27 GMT', 'Connection': 'keep-alive', 'Keep-Alive': 'timeout=5'} 
 body={"success":true,"data":{"_id":"685c6eaa3f3d572f815575c6","name":"Test User 1750888106.890563","email":"testuser1750888106.890563@example.com","role":"user","token":"eyJhbGciOiJIUzI1NiIsInR5cCI6IkpXVCJ9.eyJpZCI6IjY4NWM2ZWFhM2YzZDU3MmY4MTU1NzVjNiIsImlhdCI6MTc1MDg4ODEwNywiZXhwIjoxNzUwOTc0NTA3fQ.UdVLveL1Nzpd7WS9KcF67S9vAQZ1jd1T85ODVU0UIys"}} 
 </msg>
<msg time="2025-06-25T18:48:27.047040" level="INFO">${response} = &lt;Response [201]&gt;</msg>
<var>${response}</var>
<arg>api</arg>
<arg>/auth/register</arg>
<arg>json=${body}</arg>
<doc>Sends a POST request on a previously created HTTP Session.</doc>
<status status="PASS" start="2025-06-25T18:48:26.890971" elapsed="0.156082"/>
</kw>
<return>
<value>${response}</value>
<status status="PASS" start="2025-06-25T18:48:27.047091" elapsed="0.000021"/>
</return>
<msg time="2025-06-25T18:48:27.047179" level="INFO">${response} = &lt;Response [201]&gt;</msg>
<var>${response}</var>
<arg>Test User ${timestamp}</arg>
<arg>testuser${timestamp}@example.com</arg>
<arg>password123</arg>
<status status="PASS" start="2025-06-25T18:48:26.890699" elapsed="0.156490"/>
</kw>
<kw name="Should Be Equal As Strings" owner="BuiltIn">
<msg time="2025-06-25T18:48:27.047539" level="INFO">Argument types are:
&lt;class 'int'&gt;
&lt;class 'str'&gt;</msg>
<arg>${response.status_code}</arg>
<arg>201</arg>
<doc>Fails if objects are unequal after converting them to strings.</doc>
<status status="PASS" start="2025-06-25T18:48:27.047294" elapsed="0.000270"/>
</kw>
<kw name="Get Value From Json" owner="JSONLibrary">
<msg time="2025-06-25T18:48:27.059034" level="INFO">${token} = ['eyJhbGciOiJIUzI1NiIsInR5cCI6IkpXVCJ9.eyJpZCI6IjY4NWM2ZWFhM2YzZDU3MmY4MTU1NzVjNiIsImlhdCI6MTc1MDg4ODEwNywiZXhwIjoxNzUwOTc0NTA3fQ.UdVLveL1Nzpd7WS9KcF67S9vAQZ1jd1T85ODVU0UIys']</msg>
<var>${token}</var>
<arg>${response.json()}</arg>
<arg>$.data.token</arg>
<doc>Get Value From JSON using JSONPath</doc>
<status status="PASS" start="2025-06-25T18:48:27.047638" elapsed="0.011414"/>
</kw>
<kw name="Should Not Be Empty" owner="BuiltIn">
<msg time="2025-06-25T18:48:27.059206" level="INFO">Length is 1.</msg>
<arg>${token}</arg>
<doc>Verifies that the given item is not empty.</doc>
<status status="PASS" start="2025-06-25T18:48:27.059141" elapsed="0.000083"/>
</kw>
<tag>US-AUTH-001</tag>
<status status="PASS" start="2025-06-25T18:48:26.890319" elapsed="0.168971"/>
</test>
<test id="s1-s1-t2" name="Cenário: Tentar registrar usuário com e-mail já existente" line="14">
<kw name="Create Dictionary" owner="BuiltIn">
<msg time="2025-06-25T18:48:27.059666" level="INFO">${body} = {'name': 'Another User', 'email': 'regularuser@example.com', 'password': 'password123'}</msg>
<var>${body}</var>
<arg>name=Another User</arg>
<arg>email=${USER_EMAIL}</arg>
<arg>password=password123</arg>
<doc>Creates and returns a dictionary based on the given ``items``.</doc>
<status status="PASS" start="2025-06-25T18:48:27.059563" elapsed="0.000115"/>
</kw>
<kw name="POST On Session" owner="RequestsLibrary">
<msg time="2025-06-25T18:48:27.101218" level="INFO">POST Request : url=http://localhost:3000/api/v1/auth/register 
 path_url=/api/v1/auth/register 
 headers={'User-Agent': 'python-requests/2.32.4', 'Accept-Encoding': 'gzip, deflate', 'Accept': '*/*', 'Connection': 'keep-alive', 'Content-Length': '87', 'Content-Type': 'application/json'} 
 body=b'{"name": "Another User", "email": "regularuser@example.com", "password": "password123"}' 
 </msg>
<msg time="2025-06-25T18:48:27.101269" level="INFO">POST Response : url=http://localhost:3000/api/v1/auth/register 
 status=400, reason=Bad Request 
 headers={'X-Powered-By': 'Express', 'Access-Control-Allow-Origin': '*', 'Content-Type': 'application/json; charset=utf-8', 'Content-Length': '49', 'ETag': 'W/"31-WKEMg8zALB1Ko0WjUHi/6RBGHVc"', 'Date': 'Wed, 25 Jun 2025 21:48:27 GMT', 'Connection': 'keep-alive', 'Keep-Alive': 'timeout=5'} 
 body={"success":false,"message":"User already exists"} 
 </msg>
<msg time="2025-06-25T18:48:27.101350" level="INFO">${response} = &lt;Response [400]&gt;</msg>
<var>${response}</var>
<arg>api</arg>
<arg>/auth/register</arg>
<arg>json=${body}</arg>
<arg>expected_status=400</arg>
<doc>Sends a POST request on a previously created HTTP Session.</doc>
<status status="PASS" start="2025-06-25T18:48:27.059740" elapsed="0.041625"/>
</kw>
<kw name="Get Value From Json" owner="JSONLibrary">
<msg time="2025-06-25T18:48:27.113099" level="INFO">${message} = ['User already exists']</msg>
<var>${message}</var>
<arg>${response.json()}</arg>
<arg>$.message</arg>
<doc>Get Value From JSON using JSONPath</doc>
<status status="PASS" start="2025-06-25T18:48:27.101538" elapsed="0.011585"/>
</kw>
<kw name="Should Be Equal As Strings" owner="BuiltIn">
<arg>${message[0]}</arg>
<arg>User already exists</arg>
<doc>Fails if objects are unequal after converting them to strings.</doc>
<status status="PASS" start="2025-06-25T18:48:27.113246" elapsed="0.000339"/>
</kw>
<tag>US-AUTH-001</tag>
<status status="PASS" start="2025-06-25T18:48:27.059387" elapsed="0.054275"/>
</test>
<test id="s1-s1-t3" name="Cenário: Realizar login com credenciais válidas" line="26">
<kw name="Login User" owner="auth_keywords">
<kw name="Create Dictionary" owner="BuiltIn">
<msg time="2025-06-25T18:48:27.114292" level="INFO">${body} = {'email': 'regularuser@example.com', 'password': 'password123'}</msg>
<var>${body}</var>
<arg>email=${email}</arg>
<arg>password=${password}</arg>
<doc>Creates and returns a dictionary based on the given ``items``.</doc>
<status status="PASS" start="2025-06-25T18:48:27.114167" elapsed="0.000139"/>
</kw>
<kw name="POST On Session" owner="RequestsLibrary">
<msg time="2025-06-25T18:48:27.229342" level="INFO">POST Request : url=http://localhost:3000/api/v1/auth/login 
 path_url=/api/v1/auth/login 
 headers={'User-Agent': 'python-requests/2.32.4', 'Accept-Encoding': 'gzip, deflate', 'Accept': '*/*', 'Connection': 'keep-alive', 'Content-Length': '63', 'Content-Type': 'application/json'} 
 body=b'{"email": "regularuser@example.com", "password": "password123"}' 
 </msg>
<msg time="2025-06-25T18:48:27.229382" level="INFO">POST Response : url=http://localhost:3000/api/v1/auth/login 
 status=200, reason=OK 
 headers={'X-Powered-By': 'Express', 'Access-Control-Allow-Origin': '*', 'Content-Type': 'application/json; charset=utf-8', 'Content-Length': '327', 'ETag': 'W/"147-Ij+YBqYdcxUd2Ek2nJ7JrgVMZHw"', 'Date': 'Wed, 25 Jun 2025 21:48:27 GMT', 'Connection': 'keep-alive', 'Keep-Alive': 'timeout=5'} 
 body={"success":true,"data":{"_id":"685b0275a182c096ff7ed6d9","name":"Updated Name 1750884264.54844","email":"regularuser@example.com","role":"user","token":"eyJhbGciOiJIUzI1NiIsInR5cCI6IkpXVCJ9.eyJpZCI6IjY4NWIwMjc1YTE4MmMwOTZmZjdlZDZkOSIsImlhdCI6MTc1MDg4ODEwNywiZXhwIjoxNzUwOTc0NTA3fQ.UXiykVNLuNo53qNb8Ll_HAOFQz86oqmCLFEhK1M43_s"}} 
 </msg>
<msg time="2025-06-25T18:48:27.229462" level="INFO">${response} = &lt;Response [200]&gt;</msg>
<var>${response}</var>
<arg>api</arg>
<arg>/auth/login</arg>
<arg>json=${body}</arg>
<doc>Sends a POST request on a previously created HTTP Session.</doc>
<status status="PASS" start="2025-06-25T18:48:27.114363" elapsed="0.115110"/>
</kw>
<kw name="Should Be Equal As Strings" owner="BuiltIn">
<msg time="2025-06-25T18:48:27.229809" level="INFO">Argument types are:
&lt;class 'int'&gt;
&lt;class 'str'&gt;</msg>
<arg>${response.status_code}</arg>
<arg>200</arg>
<doc>Fails if objects are unequal after converting them to strings.</doc>
<status status="PASS" start="2025-06-25T18:48:27.229557" elapsed="0.000273"/>
</kw>
<kw name="Get Value From Json" owner="JSONLibrary">
<msg time="2025-06-25T18:48:27.237739" level="INFO">${token} = ['eyJhbGciOiJIUzI1NiIsInR5cCI6IkpXVCJ9.eyJpZCI6IjY4NWIwMjc1YTE4MmMwOTZmZjdlZDZkOSIsImlhdCI6MTc1MDg4ODEwNywiZXhwIjoxNzUwOTc0NTA3fQ.UXiykVNLuNo53qNb8Ll_HAOFQz86oqmCLFEhK1M43_s']</msg>
<var>${token}</var>
<arg>${response.json()}</arg>
<arg>$.data.token</arg>
<doc>Get Value From JSON using JSONPath</doc>
<status status="PASS" start="2025-06-25T18:48:27.229882" elapsed="0.007870"/>
</kw>
<return>
<value>${token[0]}</value>
<status status="PASS" start="2025-06-25T18:48:27.237777" elapsed="0.000017"/>
</return>
<msg time="2025-06-25T18:48:27.238025" level="INFO">${token} = eyJhbGciOiJIUzI1NiIsInR5cCI6IkpXVCJ9.eyJpZCI6IjY4NWIwMjc1YTE4MmMwOTZmZjdlZDZkOSIsImlhdCI6MTc1MDg4ODEwNywiZXhwIjoxNzUwOTc0NTA3fQ.UXiykVNLuNo53qNb8Ll_HAOFQz86oqmCLFEhK1M43_s</msg>
<var>${token}</var>
<arg>${USER_EMAIL}</arg>
<arg>${USER_PASSWORD}</arg>
<status status="PASS" start="2025-06-25T18:48:27.113979" elapsed="0.124056"/>
</kw>
<kw name="Should Not Be Empty" owner="BuiltIn">
<msg time="2025-06-25T18:48:27.238177" level="INFO">Length is 171.</msg>
<arg>${token}</arg>
<doc>Verifies that the given item is not empty.</doc>
<status status="PASS" start="2025-06-25T18:48:27.238118" elapsed="0.000074"/>
</kw>
<tag>US-AUTH-002</tag>
<status status="PASS" start="2025-06-25T18:48:27.113762" elapsed="0.124491"/>
</test>
<test id="s1-s1-t4" name="Cenário: Tentar realizar login com senha incorreta" line="31">
<kw name="Create Dictionary" owner="BuiltIn">
<msg time="2025-06-25T18:48:27.238610" level="INFO">${body} = {'email': 'regularuser@example.com', 'password': 'wrongpassword'}</msg>
<var>${body}</var>
<arg>email=${USER_EMAIL}</arg>
<arg>password=wrongpassword</arg>
<doc>Creates and returns a dictionary based on the given ``items``.</doc>
<status status="PASS" start="2025-06-25T18:48:27.238508" elapsed="0.000115"/>
</kw>
<kw name="POST On Session" owner="RequestsLibrary">
<msg time="2025-06-25T18:48:27.344011" level="INFO">POST Request : url=http://localhost:3000/api/v1/auth/login 
 path_url=/api/v1/auth/login 
 headers={'User-Agent': 'python-requests/2.32.4', 'Accept-Encoding': 'gzip, deflate', 'Accept': '*/*', 'Connection': 'keep-alive', 'Content-Length': '65', 'Content-Type': 'application/json'} 
 body=b'{"email": "regularuser@example.com", "password": "wrongpassword"}' 
 </msg>
<msg time="2025-06-25T18:48:27.344046" level="INFO">POST Response : url=http://localhost:3000/api/v1/auth/login 
 status=401, reason=Unauthorized 
 headers={'X-Powered-By': 'Express', 'Access-Control-Allow-Origin': '*', 'Content-Type': 'application/json; charset=utf-8', 'Content-Length': '55', 'ETag': 'W/"37-5uDpJTljPBecOPs/j7OXFdPRcmQ"', 'Date': 'Wed, 25 Jun 2025 21:48:27 GMT', 'Connection': 'keep-alive', 'Keep-Alive': 'timeout=5'} 
 body={"success":false,"message":"Invalid email or password"} 
 </msg>
<msg time="2025-06-25T18:48:27.344104" level="INFO">${response} = &lt;Response [401]&gt;</msg>
<var>${response}</var>
<arg>api</arg>
<arg>/auth/login</arg>
<arg>json=${body}</arg>
<arg>expected_status=401</arg>
<doc>Sends a POST request on a previously created HTTP Session.</doc>
<status status="PASS" start="2025-06-25T18:48:27.238696" elapsed="0.105418"/>
</kw>
<kw name="Get Value From Json" owner="JSONLibrary">
<msg time="2025-06-25T18:48:27.352475" level="INFO">${message} = ['Invalid email or password']</msg>
<var>${message}</var>
<arg>${response.json()}</arg>
<arg>$.message</arg>
<doc>Get Value From JSON using JSONPath</doc>
<status status="PASS" start="2025-06-25T18:48:27.344226" elapsed="0.008265"/>
</kw>
<kw name="Should Be Equal As Strings" owner="BuiltIn">
<arg>${message[0]}</arg>
<arg>Invalid email or password</arg>
<doc>Fails if objects are unequal after converting them to strings.</doc>
<status status="PASS" start="2025-06-25T18:48:27.352591" elapsed="0.000246"/>
</kw>
<tag>US-AUTH-002</tag>
<status status="PASS" start="2025-06-25T18:48:27.238343" elapsed="0.114563"/>
</test>
<test id="s1-s1-t5" name="Cenário: Obter perfil do usuário autenticado" line="38">
<kw name="Get User Profile" owner="auth_keywords">
<kw name="Create Dictionary" owner="BuiltIn">
<msg time="2025-06-25T18:48:27.353378" level="INFO">${headers} = {'Authorization': 'Bearer eyJhbGciOiJIUzI1NiIsInR5cCI6IkpXVCJ9.eyJpZCI6IjY4NWIwMjc1YTE4MmMwOTZmZjdlZDZkOSIsImlhdCI6MTc1MDg4ODEwNiwiZXhwIjoxNzUwOTc0NTA2fQ.3vWGPShhOJbr9otKjO8O0VGo8ONmbmvN7RX0kY_PBT4'}</msg>
<var>${headers}</var>
<arg>Authorization=Bearer ${token}</arg>
<doc>Creates and returns a dictionary based on the given ``items``.</doc>
<status status="PASS" start="2025-06-25T18:48:27.353296" elapsed="0.000093"/>
</kw>
<kw name="GET On Session" owner="RequestsLibrary">
<msg time="2025-06-25T18:48:27.435159" level="INFO">GET Request : url=http://localhost:3000/api/v1/auth/me 
 path_url=/api/v1/auth/me 
 headers={'User-Agent': 'python-requests/2.32.4', 'Accept-Encoding': 'gzip, deflate', 'Accept': '*/*', 'Connection': 'keep-alive', 'Authorization': 'Bearer eyJhbGciOiJIUzI1NiIsInR5cCI6IkpXVCJ9.eyJpZCI6IjY4NWIwMjc1YTE4MmMwOTZmZjdlZDZkOSIsImlhdCI6MTc1MDg4ODEwNiwiZXhwIjoxNzUwOTc0NTA2fQ.3vWGPShhOJbr9otKjO8O0VGo8ONmbmvN7RX0kY_PBT4'} 
 body=None 
 </msg>
<msg time="2025-06-25T18:48:27.435222" level="INFO">GET Response : url=http://localhost:3000/api/v1/auth/me 
 status=200, reason=OK 
 headers={'X-Powered-By': 'Express', 'Access-Control-Allow-Origin': '*', 'Content-Type': 'application/json; charset=utf-8', 'Content-Length': '145', 'ETag': 'W/"91-ZqFrgUnQpeK8zPHTZ1RIvVvaxG0"', 'Date': 'Wed, 25 Jun 2025 21:48:27 GMT', 'Connection': 'keep-alive', 'Keep-Alive': 'timeout=5'} 
 body={"success":true,"data":{"_id":"685b0275a182c096ff7ed6d9","name":"Updated Name 1750884264.54844","email":"regularuser@example.com","role":"user"}} 
 </msg>
<msg time="2025-06-25T18:48:27.435305" level="INFO">${response} = &lt;Response [200]&gt;</msg>
<var>${response}</var>
<arg>api</arg>
<arg>/auth/me</arg>
<arg>headers=${headers}</arg>
<doc>Sends a GET request on a previously created HTTP Session.</doc>
<status status="PASS" start="2025-06-25T18:48:27.353430" elapsed="0.081940"/>
</kw>
<return>
<value>${response}</value>
<status status="PASS" start="2025-06-25T18:48:27.435418" elapsed="0.000028"/>
</return>
<msg time="2025-06-25T18:48:27.435527" level="INFO">${response} = &lt;Response [200]&gt;</msg>
<var>${response}</var>
<arg>${USER_TOKEN}</arg>
<status status="PASS" start="2025-06-25T18:48:27.353190" elapsed="0.082349"/>
</kw>
<kw name="Should Be Equal As Strings" owner="BuiltIn">
<msg time="2025-06-25T18:48:27.435947" level="INFO">Argument types are:
&lt;class 'int'&gt;
&lt;class 'str'&gt;</msg>
<arg>${response.status_code}</arg>
<arg>200</arg>
<doc>Fails if objects are unequal after converting them to strings.</doc>
<status status="PASS" start="2025-06-25T18:48:27.435659" elapsed="0.000318"/>
</kw>
<kw name="Get Value From Json" owner="JSONLibrary">
<msg time="2025-06-25T18:48:27.446901" level="INFO">${email} = ['regularuser@example.com']</msg>
<var>${email}</var>
<arg>${response.json()}</arg>
<arg>$.data.email</arg>
<doc>Get Value From JSON using JSONPath</doc>
<status status="PASS" start="2025-06-25T18:48:27.436060" elapsed="0.010862"/>
</kw>
<kw name="Should Be Equal As Strings" owner="BuiltIn">
<arg>${email[0]}</arg>
<arg>${USER_EMAIL}</arg>
<doc>Fails if objects are unequal after converting them to strings.</doc>
<status status="PASS" start="2025-06-25T18:48:27.447039" elapsed="0.000327"/>
</kw>
<tag>US-AUTH-004</tag>
<status status="PASS" start="2025-06-25T18:48:27.353002" elapsed="0.094433"/>
</test>
<test id="s1-s1-t6" name="Cenário: Atualizar nome do perfil do usuário" line="45">
<kw name="Get Current Date" owner="DateTime">
<msg time="2025-06-25T18:48:27.447828" level="INFO">${timestamp} = 1750888107.447785</msg>
<var>${timestamp}</var>
<arg>result_format=epoch</arg>
<doc>Returns current local or UTC time with an optional increment.</doc>
<status status="PASS" start="2025-06-25T18:48:27.447715" elapsed="0.000126"/>
</kw>
<kw name="Set Variable" owner="BuiltIn">
<msg time="2025-06-25T18:48:27.448018" level="INFO">${new_name} = Updated Name 1750888107.447785</msg>
<var>${new_name}</var>
<arg>Updated Name ${timestamp}</arg>
<doc>Returns the given values which can then be assigned to a variables.</doc>
<status status="PASS" start="2025-06-25T18:48:27.447946" elapsed="0.000082"/>
</kw>
<kw name="Update User Profile" owner="auth_keywords">
<kw name="Create Dictionary" owner="BuiltIn">
<msg time="2025-06-25T18:48:27.448399" level="INFO">${headers} = {'Authorization': 'Bearer eyJhbGciOiJIUzI1NiIsInR5cCI6IkpXVCJ9.eyJpZCI6IjY4NWIwMjc1YTE4MmMwOTZmZjdlZDZkOSIsImlhdCI6MTc1MDg4ODEwNiwiZXhwIjoxNzUwOTc0NTA2fQ.3vWGPShhOJbr9otKjO8O0VGo8ONmbmvN7RX0kY_PBT4'}</msg>
<var>${headers}</var>
<arg>Authorization=Bearer ${token}</arg>
<doc>Creates and returns a dictionary based on the given ``items``.</doc>
<status status="PASS" start="2025-06-25T18:48:27.448291" elapsed="0.000120"/>
</kw>
<kw name="Create Dictionary" owner="BuiltIn">
<msg time="2025-06-25T18:48:27.448543" level="INFO">${body} = {'name': 'Updated Name 1750888107.447785'}</msg>
<var>${body}</var>
<arg>name=${new_name}</arg>
<doc>Creates and returns a dictionary based on the given ``items``.</doc>
<status status="PASS" start="2025-06-25T18:48:27.448463" elapsed="0.000091"/>
</kw>
<kw name="PUT On Session" owner="RequestsLibrary">
<msg time="2025-06-25T18:48:27.575096" level="INFO">PUT Request : url=http://localhost:3000/api/v1/auth/profile 
 path_url=/api/v1/auth/profile 
 headers={'User-Agent': 'python-requests/2.32.4', 'Accept-Encoding': 'gzip, deflate', 'Accept': '*/*', 'Connection': 'keep-alive', 'Authorization': 'Bearer eyJhbGciOiJIUzI1NiIsInR5cCI6IkpXVCJ9.eyJpZCI6IjY4NWIwMjc1YTE4MmMwOTZmZjdlZDZkOSIsImlhdCI6MTc1MDg4ODEwNiwiZXhwIjoxNzUwOTc0NTA2fQ.3vWGPShhOJbr9otKjO8O0VGo8ONmbmvN7RX0kY_PBT4', 'Content-Length': '42', 'Content-Type': 'application/json'} 
 body=b'{"name": "Updated Name 1750888107.447785"}' 
 </msg>
<msg time="2025-06-25T18:48:27.575189" level="INFO">PUT Response : url=http://localhost:3000/api/v1/auth/profile 
 status=200, reason=OK 
 headers={'X-Powered-By': 'Express', 'Access-Control-Allow-Origin': '*', 'Content-Type': 'application/json; charset=utf-8', 'Content-Length': '370', 'ETag': 'W/"172-uqBvBQKTSzGXt9kzpm5L+L3YioE"', 'Date': 'Wed, 25 Jun 2025 21:48:27 GMT', 'Connection': 'keep-alive', 'Keep-Alive': 'timeout=5'} 
 body={"success":true,"message":"Perfil atualizado com sucesso","data":{"_id":"685b0275a182c096ff7ed6d9","name":"Updated Name 1750888107.447785","email":"regularuser@example.com","role":"user","token":"eyJhbGciOiJIUzI1NiIsInR5cCI6IkpXVCJ9.eyJpZCI6IjY4NWIwMjc1YTE4MmMwOTZmZjdlZDZkOSIsImlhdCI6MTc1MDg4ODEwNywiZXhwIjoxNzUwOTc0NTA3fQ.UXiykVNLuNo53qNb8Ll_HAOFQz86oqmCLFEhK1M43_s"}} 
 </msg>
<msg time="2025-06-25T18:48:27.575319" level="INFO">${response} = &lt;Response [200]&gt;</msg>
<var>${response}</var>
<arg>api</arg>
<arg>/auth/profile</arg>
<arg>headers=${headers}</arg>
<arg>json=${body}</arg>
<doc>Sends a PUT request on a previously created HTTP Session.</doc>
<status status="PASS" start="2025-06-25T18:48:27.448603" elapsed="0.126744"/>
</kw>
<return>
<value>${response}</value>
<status status="PASS" start="2025-06-25T18:48:27.575422" elapsed="0.000047"/>
</return>
<msg time="2025-06-25T18:48:27.575601" level="INFO">${response} = &lt;Response [200]&gt;</msg>
<var>${response}</var>
<arg>${USER_TOKEN}</arg>
<arg>${new_name}</arg>
<status status="PASS" start="2025-06-25T18:48:27.448133" elapsed="0.127489"/>
</kw>
<kw name="Should Be Equal As Strings" owner="BuiltIn">
<msg time="2025-06-25T18:48:27.576327" level="INFO">Argument types are:
&lt;class 'int'&gt;
&lt;class 'str'&gt;</msg>
<arg>${response.status_code}</arg>
<arg>200</arg>
<doc>Fails if objects are unequal after converting them to strings.</doc>
<status status="PASS" start="2025-06-25T18:48:27.575826" elapsed="0.000547"/>
</kw>
<kw name="Get Value From Json" owner="JSONLibrary">
<msg time="2025-06-25T18:48:27.592432" level="INFO">${updated_name} = ['Updated Name 1750888107.447785']</msg>
<var>${updated_name}</var>
<arg>${response.json()}</arg>
<arg>$.data.name</arg>
<doc>Get Value From JSON using JSONPath</doc>
<status status="PASS" start="2025-06-25T18:48:27.576515" elapsed="0.015942"/>
</kw>
<kw name="Should Be Equal As Strings" owner="BuiltIn">
<arg>${updated_name[0]}</arg>
<arg>${new_name}</arg>
<doc>Fails if objects are unequal after converting them to strings.</doc>
<status status="PASS" start="2025-06-25T18:48:27.592588" elapsed="0.000370"/>
</kw>
<tag>US-AUTH-004</tag>
<status status="PASS" start="2025-06-25T18:48:27.447530" elapsed="0.145514"/>
</test>
<status status="PASS" start="2025-06-25T18:48:26.573796" elapsed="1.019500"/>
</suite>
<suite id="s1-s2" name="Test Movies" source="/Users/cas/Personal Files/Projects/Trabalho/CompassUOL/PB/cinema-challenge-app-tests/backend-tests/tests/test_movies.robot">
<kw name="Setup and Teardown" owner="base" type="SETUP">
<kw name="Create Session" owner="RequestsLibrary">
<msg time="2025-06-25T18:48:27.596807" level="INFO">Creating Session using : alias=api, url=http://localhost:3000/api/v1, headers={},                     cookies={}, auth=None, timeout=None, proxies=None, verify=False,                     debug=0 </msg>
<arg>api</arg>
<arg>${BASE_URL}</arg>
<doc>Create Session: create a HTTP session to a server</doc>
<status status="PASS" start="2025-06-25T18:48:27.596731" elapsed="0.000175"/>
</kw>
<kw name="Log In Admin And Set Token" owner="base">
<kw name="Login User" owner="auth_keywords">
<kw name="Create Dictionary" owner="BuiltIn">
<msg time="2025-06-25T18:48:27.597396" level="INFO">${body} = {'email': 'adminuser@example.com', 'password': 'password123'}</msg>
<var>${body}</var>
<arg>email=${email}</arg>
<arg>password=${password}</arg>
<doc>Creates and returns a dictionary based on the given ``items``.</doc>
<status status="PASS" start="2025-06-25T18:48:27.597260" elapsed="0.000150"/>
</kw>
<kw name="POST On Session" owner="RequestsLibrary">
<msg time="2025-06-25T18:48:27.717633" level="INFO">POST Request : url=http://localhost:3000/api/v1/auth/login 
 path_url=/api/v1/auth/login 
 headers={'User-Agent': 'python-requests/2.32.4', 'Accept-Encoding': 'gzip, deflate', 'Accept': '*/*', 'Connection': 'keep-alive', 'Content-Length': '61', 'Content-Type': 'application/json'} 
 body=b'{"email": "adminuser@example.com", "password": "password123"}' 
 </msg>
<msg time="2025-06-25T18:48:27.717744" level="INFO">POST Response : url=http://localhost:3000/api/v1/auth/login 
 status=200, reason=OK 
 headers={'X-Powered-By': 'Express', 'Access-Control-Allow-Origin': '*', 'Content-Type': 'application/json; charset=utf-8', 'Content-Length': '327', 'ETag': 'W/"147-gTN1eu2OiV9Oad0xdPykxOm/b5o"', 'Date': 'Wed, 25 Jun 2025 21:48:27 GMT', 'Connection': 'keep-alive', 'Keep-Alive': 'timeout=5'} 
 body={"success":true,"data":{"_id":"685af046a182c096ff7ed67d","name":"AdminUpdated 1750887849.246224","email":"adminuser@example.com","role":"admin","token":"eyJhbGciOiJIUzI1NiIsInR5cCI6IkpXVCJ9.eyJpZCI6IjY4NWFmMDQ2YTE4MmMwOTZmZjdlZDY3ZCIsImlhdCI6MTc1MDg4ODEwNywiZXhwIjoxNzUwOTc0NTA3fQ.LjUMyvPJCisFK0tKlRy-5BWtcNMWk22qLk6ZW5644oI"}} 
 </msg>
<msg time="2025-06-25T18:48:27.717805" level="INFO">${response} = &lt;Response [200]&gt;</msg>
<var>${response}</var>
<arg>api</arg>
<arg>/auth/login</arg>
<arg>json=${body}</arg>
<doc>Sends a POST request on a previously created HTTP Session.</doc>
<status status="PASS" start="2025-06-25T18:48:27.597474" elapsed="0.120343"/>
</kw>
<kw name="Should Be Equal As Strings" owner="BuiltIn">
<msg time="2025-06-25T18:48:27.718121" level="INFO">Argument types are:
&lt;class 'int'&gt;
&lt;class 'str'&gt;</msg>
<arg>${response.status_code}</arg>
<arg>200</arg>
<doc>Fails if objects are unequal after converting them to strings.</doc>
<status status="PASS" start="2025-06-25T18:48:27.717900" elapsed="0.000242"/>
</kw>
<kw name="Get Value From Json" owner="JSONLibrary">
<msg time="2025-06-25T18:48:27.726242" level="INFO">${token} = ['eyJhbGciOiJIUzI1NiIsInR5cCI6IkpXVCJ9.eyJpZCI6IjY4NWFmMDQ2YTE4MmMwOTZmZjdlZDY3ZCIsImlhdCI6MTc1MDg4ODEwNywiZXhwIjoxNzUwOTc0NTA3fQ.LjUMyvPJCisFK0tKlRy-5BWtcNMWk22qLk6ZW5644oI']</msg>
<var>${token}</var>
<arg>${response.json()}</arg>
<arg>$.data.token</arg>
<doc>Get Value From JSON using JSONPath</doc>
<status status="PASS" start="2025-06-25T18:48:27.718192" elapsed="0.008063"/>
</kw>
<return>
<value>${token[0]}</value>
<status status="PASS" start="2025-06-25T18:48:27.726279" elapsed="0.000017"/>
</return>
<msg time="2025-06-25T18:48:27.726489" level="INFO">${token} = eyJhbGciOiJIUzI1NiIsInR5cCI6IkpXVCJ9.eyJpZCI6IjY4NWFmMDQ2YTE4MmMwOTZmZjdlZDY3ZCIsImlhdCI6MTc1MDg4ODEwNywiZXhwIjoxNzUwOTc0NTA3fQ.LjUMyvPJCisFK0tKlRy-5BWtcNMWk22qLk6ZW5644oI</msg>
<var>${token}</var>
<arg>${ADMIN_EMAIL}</arg>
<arg>${ADMIN_PASSWORD}</arg>
<status status="PASS" start="2025-06-25T18:48:27.597107" elapsed="0.129392"/>
</kw>
<kw name="Set Suite Variable" owner="BuiltIn">
<msg time="2025-06-25T18:48:27.726794" level="INFO">${ADMIN_TOKEN} = eyJhbGciOiJIUzI1NiIsInR5cCI6IkpXVCJ9.eyJpZCI6IjY4NWFmMDQ2YTE4MmMwOTZmZjdlZDY3ZCIsImlhdCI6MTc1MDg4ODEwNywiZXhwIjoxNzUwOTc0NTA3fQ.LjUMyvPJCisFK0tKlRy-5BWtcNMWk22qLk6ZW5644oI</msg>
<arg>${ADMIN_TOKEN}</arg>
<arg>${token}</arg>
<doc>Makes a variable available everywhere within the scope of the current suite.</doc>
<status status="PASS" start="2025-06-25T18:48:27.726553" elapsed="0.000257"/>
</kw>
<status status="PASS" start="2025-06-25T18:48:27.596991" elapsed="0.129839"/>
</kw>
<kw name="Log In Regular User And Set Token" owner="base">
<kw name="Login User" owner="auth_keywords">
<kw name="Create Dictionary" owner="BuiltIn">
<msg time="2025-06-25T18:48:27.727149" level="INFO">${body} = {'email': 'regularuser@example.com', 'password': 'password123'}</msg>
<var>${body}</var>
<arg>email=${email}</arg>
<arg>password=${password}</arg>
<doc>Creates and returns a dictionary based on the given ``items``.</doc>
<status status="PASS" start="2025-06-25T18:48:27.727062" elapsed="0.000096"/>
</kw>
<kw name="POST On Session" owner="RequestsLibrary">
<msg time="2025-06-25T18:48:27.833749" level="INFO">POST Request : url=http://localhost:3000/api/v1/auth/login 
 path_url=/api/v1/auth/login 
 headers={'User-Agent': 'python-requests/2.32.4', 'Accept-Encoding': 'gzip, deflate', 'Accept': '*/*', 'Connection': 'keep-alive', 'Content-Length': '63', 'Content-Type': 'application/json'} 
 body=b'{"email": "regularuser@example.com", "password": "password123"}' 
 </msg>
<msg time="2025-06-25T18:48:27.833774" level="INFO">POST Response : url=http://localhost:3000/api/v1/auth/login 
 status=200, reason=OK 
 headers={'X-Powered-By': 'Express', 'Access-Control-Allow-Origin': '*', 'Content-Type': 'application/json; charset=utf-8', 'Content-Length': '328', 'ETag': 'W/"148-C620WPJ3t0XBWL8GHzR5koPoeT8"', 'Date': 'Wed, 25 Jun 2025 21:48:27 GMT', 'Connection': 'keep-alive', 'Keep-Alive': 'timeout=5'} 
 body={"success":true,"data":{"_id":"685b0275a182c096ff7ed6d9","name":"Updated Name 1750888107.447785","email":"regularuser@example.com","role":"user","token":"eyJhbGciOiJIUzI1NiIsInR5cCI6IkpXVCJ9.eyJpZCI6IjY4NWIwMjc1YTE4MmMwOTZmZjdlZDZkOSIsImlhdCI6MTc1MDg4ODEwNywiZXhwIjoxNzUwOTc0NTA3fQ.UXiykVNLuNo53qNb8Ll_HAOFQz86oqmCLFEhK1M43_s"}} 
 </msg>
<msg time="2025-06-25T18:48:27.833812" level="INFO">${response} = &lt;Response [200]&gt;</msg>
<var>${response}</var>
<arg>api</arg>
<arg>/auth/login</arg>
<arg>json=${body}</arg>
<doc>Sends a POST request on a previously created HTTP Session.</doc>
<status status="PASS" start="2025-06-25T18:48:27.727197" elapsed="0.106624"/>
</kw>
<kw name="Should Be Equal As Strings" owner="BuiltIn">
<msg time="2025-06-25T18:48:27.834035" level="INFO">Argument types are:
&lt;class 'int'&gt;
&lt;class 'str'&gt;</msg>
<arg>${response.status_code}</arg>
<arg>200</arg>
<doc>Fails if objects are unequal after converting them to strings.</doc>
<status status="PASS" start="2025-06-25T18:48:27.833869" elapsed="0.000184"/>
</kw>
<kw name="Get Value From Json" owner="JSONLibrary">
<msg time="2025-06-25T18:48:27.841811" level="INFO">${token} = ['eyJhbGciOiJIUzI1NiIsInR5cCI6IkpXVCJ9.eyJpZCI6IjY4NWIwMjc1YTE4MmMwOTZmZjdlZDZkOSIsImlhdCI6MTc1MDg4ODEwNywiZXhwIjoxNzUwOTc0NTA3fQ.UXiykVNLuNo53qNb8Ll_HAOFQz86oqmCLFEhK1M43_s']</msg>
<var>${token}</var>
<arg>${response.json()}</arg>
<arg>$.data.token</arg>
<doc>Get Value From JSON using JSONPath</doc>
<status status="PASS" start="2025-06-25T18:48:27.834094" elapsed="0.007730"/>
</kw>
<return>
<value>${token[0]}</value>
<status status="PASS" start="2025-06-25T18:48:27.841846" elapsed="0.000013"/>
</return>
<msg time="2025-06-25T18:48:27.842048" level="INFO">${token} = eyJhbGciOiJIUzI1NiIsInR5cCI6IkpXVCJ9.eyJpZCI6IjY4NWIwMjc1YTE4MmMwOTZmZjdlZDZkOSIsImlhdCI6MTc1MDg4ODEwNywiZXhwIjoxNzUwOTc0NTA3fQ.UXiykVNLuNo53qNb8Ll_HAOFQz86oqmCLFEhK1M43_s</msg>
<var>${token}</var>
<arg>${USER_EMAIL}</arg>
<arg>${USER_PASSWORD}</arg>
<status status="PASS" start="2025-06-25T18:48:27.726970" elapsed="0.115088"/>
</kw>
<kw name="Set Suite Variable" owner="BuiltIn">
<msg time="2025-06-25T18:48:27.842356" level="INFO">${USER_TOKEN} = eyJhbGciOiJIUzI1NiIsInR5cCI6IkpXVCJ9.eyJpZCI6IjY4NWIwMjc1YTE4MmMwOTZmZjdlZDZkOSIsImlhdCI6MTc1MDg4ODEwNywiZXhwIjoxNzUwOTc0NTA3fQ.UXiykVNLuNo53qNb8Ll_HAOFQz86oqmCLFEhK1M43_s</msg>
<arg>${USER_TOKEN}</arg>
<arg>${token}</arg>
<doc>Makes a variable available everywhere within the scope of the current suite.</doc>
<status status="PASS" start="2025-06-25T18:48:27.842108" elapsed="0.000264"/>
</kw>
<status status="PASS" start="2025-06-25T18:48:27.726887" elapsed="0.115505"/>
</kw>
<status status="PASS" start="2025-06-25T18:48:27.596613" elapsed="0.245793"/>
</kw>
<test id="s1-s2-t1" name="Cenário: Listar todos os filmes (público)" line="7">
<kw name="List All Movies" owner="movie_keywords">
<kw name="GET On Session" owner="RequestsLibrary">
<msg time="2025-06-25T18:48:27.924614" level="INFO">GET Request : url=http://localhost:3000/api/v1/movies 
 path_url=/api/v1/movies 
 headers={'User-Agent': 'python-requests/2.32.4', 'Accept-Encoding': 'gzip, deflate', 'Accept': '*/*', 'Connection': 'keep-alive'} 
 body=None 
 </msg>
<msg time="2025-06-25T18:48:27.924664" level="INFO">GET Response : url=http://localhost:3000/api/v1/movies 
 status=200, reason=OK 
 headers={'X-Powered-By': 'Express', 'Access-Control-Allow-Origin': '*', 'Content-Type': 'application/json; charset=utf-8', 'Content-Length': '2471', 'ETag': 'W/"9a7-mXYDBNFDjJ3rCj1DNFA8sity+KA"', 'Date': 'Wed, 25 Jun 2025 21:48:27 GMT', 'Connection': 'keep-alive', 'Keep-Alive': 'timeout=5'} 
 body={"success":true,"count":8,"pagination":{},"data":[{"_id":"685b038aa182c096ff7ed6df","title":"Filme Teste","synopsis":"Sinopse do filme","director":"Cassio","genres":[],"duration":100,"classification":"PG-13","poster":"no-image.jpg","releaseDate":"2025-01-01T00:00:00.000Z","id":"685b038aa182c096ff7ed6df"},{"_id":"685c4f843f3d572f81557304","title":"New Movie 1750880132.859961","synopsis":"A great movie synopsis.","director":"A Famous Director","genres":["Action","Sci-Fi"],"duration":120,"classification":"PG-13","poster":"no-image.jpg","releaseDate":"2025-01-01T00:00:00.000Z","id":"685c4f843f3d572f81557304"},{"_id":"685c58193f3d572f81557316","title":"New Movie 1750882329.219733","synopsis":"A great movie synopsis.","director":"A Famous Director","genres":["Action","Sci-Fi"],"duration":120,"classification":"PG-13","poster":"no-image.jpg","releaseDate":"2025-01-01T00:00:00.000Z","id":"685c58193f3d572f81557316"},{"_id":"685c58563f3d572f81557328","title":"New Movie 1750882390.042602","synopsis":"A great movie synopsis.","director":"A Famous Director","genres":["Action","Sci-Fi"],"duration":120,"classification":"PG-13","poster":"no-image.jpg","releaseDate":"2025-01-01T00:00:00.000Z","id":"685c58563f3d572f81557328"},{"_id":"685c5fb43f3d572f815573af","title":"New Movie 1750884276.303175","synopsis":"A great movie synopsis.","director":"A Famous Director","genres":["Action","Sci-Fi"],"duration":120,"classification":"PG-13","poster":"no-image.jpg","releaseDate":"2025-01-01T00:00:00.000Z","id":"685c5fb43f3d572f815573af"},{"_id":"685aedf764438d47c4b038aa","customId":"1","title":"Inception","synopsis":"A thief who enters the dreams of others to steal their secrets.","director":"Christopher Nolan","genres":["Science Fiction","Action"],"duration":148,"classification":"PG-13","poster":"inception.jpg","releaseDate":"2010-07-16T00:00:00.000Z","id":"685aedf764438d47c4b038aa"},{"_id":"685aedf764438d47c4b038ac","customId":"3","title":"The Shawshank Redemption","synopsis":"Two imprisoned men bond over a number of years.","director":"Frank Darabont","genres":["Drama"],"duration":142,"classification":"R","poster":"shawshank.jpg","releaseDate":"1994-10-14T00:00:00.000Z","id":"685aedf764438d47c4b038ac"},{"_id":"685b0b67a182c096ff7ed721","title":"Filme Não Autorizado","synopsis":"Sinopse","director":"Cassio","genres":[],"duration":90,"classification":"PG18","poster":"no-image.jpg","releaseDate":"1970-01-01T00:00:02.025Z","id":"685b0b67a182c096ff7ed721"}]} 
 </msg>
<msg time="2025-06-25T18:48:27.924810" level="INFO">${response} = &lt;Response [200]&gt;</msg>
<var>${response}</var>
<arg>api</arg>
<arg>/movies</arg>
<doc>Sends a GET request on a previously created HTTP Session.</doc>
<status status="PASS" start="2025-06-25T18:48:27.842696" elapsed="0.082131"/>
</kw>
<return>
<value>${response}</value>
<status status="PASS" start="2025-06-25T18:48:27.924868" elapsed="0.000042"/>
</return>
<msg time="2025-06-25T18:48:27.924988" level="INFO">${response} = &lt;Response [200]&gt;</msg>
<var>${response}</var>
<status status="PASS" start="2025-06-25T18:48:27.842612" elapsed="0.082389"/>
</kw>
<kw name="Should Be Equal As Strings" owner="BuiltIn">
<msg time="2025-06-25T18:48:27.925395" level="INFO">Argument types are:
&lt;class 'int'&gt;
&lt;class 'str'&gt;</msg>
<arg>${response.status_code}</arg>
<arg>200</arg>
<doc>Fails if objects are unequal after converting them to strings.</doc>
<status status="PASS" start="2025-06-25T18:48:27.925107" elapsed="0.000318"/>
</kw>
<kw name="Get Value From Json" owner="JSONLibrary">
<msg time="2025-06-25T18:48:27.937106" level="INFO">${data} = [[{'_id': '685b038aa182c096ff7ed6df', 'title': 'Filme Teste', 'synopsis': 'Sinopse do filme', 'director': 'Cassio', 'genres': [], 'duration': 100, 'classification': 'PG-13', 'poster': 'no-image.jpg', ...</msg>
<var>${data}</var>
<arg>${response.json()}</arg>
<arg>$.data</arg>
<doc>Get Value From JSON using JSONPath</doc>
<status status="PASS" start="2025-06-25T18:48:27.925513" elapsed="0.011613"/>
</kw>
<kw name="Should Not Be Empty" owner="BuiltIn">
<msg time="2025-06-25T18:48:27.937287" level="INFO">Length is 1.</msg>
<arg>${data}</arg>
<doc>Verifies that the given item is not empty.</doc>
<status status="PASS" start="2025-06-25T18:48:27.937219" elapsed="0.000088"/>
</kw>
<tag>US-MOVIE-001</tag>
<status status="PASS" start="2025-06-25T18:48:27.842429" elapsed="0.094944"/>
</test>
<test id="s1-s2-t2" name="Cenário: Obter detalhes de um filme por ID (público)" line="14">
<kw name="List All Movies" owner="movie_keywords">
<kw name="GET On Session" owner="RequestsLibrary">
<msg time="2025-06-25T18:48:28.020154" level="INFO">GET Request : url=http://localhost:3000/api/v1/movies 
 path_url=/api/v1/movies 
 headers={'User-Agent': 'python-requests/2.32.4', 'Accept-Encoding': 'gzip, deflate', 'Accept': '*/*', 'Connection': 'keep-alive'} 
 body=None 
 </msg>
<msg time="2025-06-25T18:48:28.020232" level="INFO">GET Response : url=http://localhost:3000/api/v1/movies 
 status=200, reason=OK 
 headers={'X-Powered-By': 'Express', 'Access-Control-Allow-Origin': '*', 'Content-Type': 'application/json; charset=utf-8', 'Content-Length': '2471', 'ETag': 'W/"9a7-mXYDBNFDjJ3rCj1DNFA8sity+KA"', 'Date': 'Wed, 25 Jun 2025 21:48:28 GMT', 'Connection': 'keep-alive', 'Keep-Alive': 'timeout=5'} 
 body={"success":true,"count":8,"pagination":{},"data":[{"_id":"685b038aa182c096ff7ed6df","title":"Filme Teste","synopsis":"Sinopse do filme","director":"Cassio","genres":[],"duration":100,"classification":"PG-13","poster":"no-image.jpg","releaseDate":"2025-01-01T00:00:00.000Z","id":"685b038aa182c096ff7ed6df"},{"_id":"685c4f843f3d572f81557304","title":"New Movie 1750880132.859961","synopsis":"A great movie synopsis.","director":"A Famous Director","genres":["Action","Sci-Fi"],"duration":120,"classification":"PG-13","poster":"no-image.jpg","releaseDate":"2025-01-01T00:00:00.000Z","id":"685c4f843f3d572f81557304"},{"_id":"685c58193f3d572f81557316","title":"New Movie 1750882329.219733","synopsis":"A great movie synopsis.","director":"A Famous Director","genres":["Action","Sci-Fi"],"duration":120,"classification":"PG-13","poster":"no-image.jpg","releaseDate":"2025-01-01T00:00:00.000Z","id":"685c58193f3d572f81557316"},{"_id":"685c58563f3d572f81557328","title":"New Movie 1750882390.042602","synopsis":"A great movie synopsis.","director":"A Famous Director","genres":["Action","Sci-Fi"],"duration":120,"classification":"PG-13","poster":"no-image.jpg","releaseDate":"2025-01-01T00:00:00.000Z","id":"685c58563f3d572f81557328"},{"_id":"685c5fb43f3d572f815573af","title":"New Movie 1750884276.303175","synopsis":"A great movie synopsis.","director":"A Famous Director","genres":["Action","Sci-Fi"],"duration":120,"classification":"PG-13","poster":"no-image.jpg","releaseDate":"2025-01-01T00:00:00.000Z","id":"685c5fb43f3d572f815573af"},{"_id":"685aedf764438d47c4b038aa","customId":"1","title":"Inception","synopsis":"A thief who enters the dreams of others to steal their secrets.","director":"Christopher Nolan","genres":["Science Fiction","Action"],"duration":148,"classification":"PG-13","poster":"inception.jpg","releaseDate":"2010-07-16T00:00:00.000Z","id":"685aedf764438d47c4b038aa"},{"_id":"685aedf764438d47c4b038ac","customId":"3","title":"The Shawshank Redemption","synopsis":"Two imprisoned men bond over a number of years.","director":"Frank Darabont","genres":["Drama"],"duration":142,"classification":"R","poster":"shawshank.jpg","releaseDate":"1994-10-14T00:00:00.000Z","id":"685aedf764438d47c4b038ac"},{"_id":"685b0b67a182c096ff7ed721","title":"Filme Não Autorizado","synopsis":"Sinopse","director":"Cassio","genres":[],"duration":90,"classification":"PG18","poster":"no-image.jpg","releaseDate":"1970-01-01T00:00:02.025Z","id":"685b0b67a182c096ff7ed721"}]} 
 </msg>
<msg time="2025-06-25T18:48:28.020356" level="INFO">${response} = &lt;Response [200]&gt;</msg>
<var>${response}</var>
<arg>api</arg>
<arg>/movies</arg>
<doc>Sends a GET request on a previously created HTTP Session.</doc>
<status status="PASS" start="2025-06-25T18:48:27.937915" elapsed="0.082465"/>
</kw>
<return>
<value>${response}</value>
<status status="PASS" start="2025-06-25T18:48:28.020441" elapsed="0.000037"/>
</return>
<msg time="2025-06-25T18:48:28.020601" level="INFO">${movies_response} = &lt;Response [200]&gt;</msg>
<var>${movies_response}</var>
<status status="PASS" start="2025-06-25T18:48:27.937796" elapsed="0.082825"/>
</kw>
<kw name="Get Value From Json" owner="JSONLibrary">
<msg time="2025-06-25T18:48:28.036084" level="INFO">${movie_id} = ['685b038aa182c096ff7ed6df']</msg>
<var>${movie_id}</var>
<arg>${movies_response.json()}</arg>
<arg>$.data[0]._id</arg>
<doc>Get Value From JSON using JSONPath</doc>
<status status="PASS" start="2025-06-25T18:48:28.020782" elapsed="0.015326"/>
</kw>
<kw name="Get Movie By ID" owner="movie_keywords">
<kw name="GET On Session" owner="RequestsLibrary">
<msg time="2025-06-25T18:48:28.124229" level="INFO">GET Request : url=http://localhost:3000/api/v1/movies/685b038aa182c096ff7ed6df 
 path_url=/api/v1/movies/685b038aa182c096ff7ed6df 
 headers={'User-Agent': 'python-requests/2.32.4', 'Accept-Encoding': 'gzip, deflate', 'Accept': '*/*', 'Connection': 'keep-alive'} 
 body=None 
 </msg>
<msg time="2025-06-25T18:48:28.124305" level="INFO">GET Response : url=http://localhost:3000/api/v1/movies/685b038aa182c096ff7ed6df 
 status=200, reason=OK 
 headers={'X-Powered-By': 'Express', 'Access-Control-Allow-Origin': '*', 'Content-Type': 'application/json; charset=utf-8', 'Content-Length': '8040', 'ETag': 'W/"1f68-7BH6XqXlAPblN5CssiwF3EMfQYA"', 'Date': 'Wed, 25 Jun 2025 21:48:28 GMT', 'Connection': 'keep-alive', 'Keep-Alive': 'timeout=5'} 
 body={"success":true,"data":{"_id":"685b038aa182c096ff7ed6df","title":"Filme Teste","synopsis":"Sinopse do filme","director":"Cassio","genres":[],"duration":100,"classification":"PG-13","poster":"no-image.jpg","releaseDate":"2025-01-01T00:00:00.000Z","createdAt":"2025-06-24T19:59:06.977Z","updatedAt":"2025-06-24T19:59:06.977Z","__v":0,"sessions":[{"_id":"685c5e243f3d572f81557383","movie":"685b038aa182c096ff7ed6df","theater":"685aedf764438d47c4b038af","datetime":"2025-06-26T18:00:00.000Z","fullPrice":30,"halfPrice":15,"seats":[{"row":"A","number":1,"status":"available"},{"row":"A","number":2,"status":"available"},{"row":"A","number":3,"status":"available"},{"row":"A","number":4,"status":"available"},{"row":"A","number":5,"status":"available"},{"row":"A","number":6,"status":"available"},{"row":"A","number":7,"status":"available"},{"row":"A","number":8,"status":"available"},{"row":"A","number":9,"status":"available"},{"row":"A","number":10,"status":"available"},{"row":"B","number":1,"status":"available"},{"row":"B","number":2,"status":"available"},{"row":"B","number":3,"status":"available"},{"row":"B","number":4,"status":"available"},{"row":"B","number":5,"status":"available"},{"row":"B","number":6,"status":"available"},{"row":"B","number":7,"status":"available"},{"row":"B","number":8,"status":"available"},{"row":"B","number":9,"status":"available"},{"row":"B","number":10,"status":"available"},{"row":"C","number":1,"status":"available"},{"row":"C","number":2,"status":"available"},{"row":"C","number":3,"status":"available"},{"row":"C","number":4,"status":"available"},{"row":"C","number":5,"status":"available"},{"row":"C","number":6,"status":"available"},{"row":"C","number":7,"status":"available"},{"row":"C","number":8,"status":"available"},{"row":"C","number":9,"status":"available"},{"row":"C","number":10,"status":"available"},{"row":"D","number":1,"status":"available"},{"row":"D","number":2,"status":"available"},{"row":"D","number":3,"status":"available"},{"row":"D","number":4,"status":"available"},{"row":"D","number":5,"status":"available"},{"row":"D","number":6,"status":"available"},{"row":"D","number":7,"status":"available"},{"row":"D","number":8,"status":"available"},{"row":"D","number":9,"status":"available"},{"row":"D","number":10,"status":"available"},{"row":"E","number":1,"status":"available"},{"row":"E","number":2,"status":"available"},{"row":"E","number":3,"status":"available"},{"row":"E","number":4,"status":"available"},{"row":"E","number":5,"status":"available"},{"row":"E","number":6,"status":"available"},{"row":"E","number":7,"status":"available"},{"row":"E","number":8,"status":"available"},{"row":"E","number":9,"status":"available"},{"row":"E","number":10,"status":"available"},{"row":"F","number":1,"status":"available"},{"row":"F","number":2,"status":"available"},{"row":"F","number":3,"status":"available"},{"row":"F","number":4,"status":"available"},{"row":"F","number":5,"status":"available"},{"row":"F","number":6,"status":"available"},{"row":"F","number":7,"status":"available"},{"row":"F","number":8,"status":"available"},{"row":"F","number":9,"status":"available"},{"row":"F","number":10,"status":"available"},{"row":"G","number":1,"status":"available"},{"row":"G","number":2,"status":"available"},{"row":"G","number":3,"status":"available"},{"row":"G","number":4,"status":"available"},{"row":"G","number":5,"status":"available"},{"row":"G","number":6,"status":"available"},{"row":"G","number":7,"status":"available"},{"row":"G","number":8,"status":"available"},{"row":"G","number":9,"status":"available"},{"row":"G","number":10,"status":"available"},{"row":"H","number":1,"status":"available"},{"row":"H","number":2,"status":"available"},{"row":"H","number":3,"status":"available"},{"row":"H","number":4,"status":"available"},{"row":"H","number":5,"status":"available"},{"row":"H","number":6,"status":"available"},{"row":"H","number":7,"status":"available"},{"row":"H","number":8,"status":"available"},{"row":"H","number":9,"status":"available"},{"row":"H","number":10,"status":"available"}],"createdAt":"2025-06-25T20:37:56.739Z","updatedAt":"2025-06-25T20:37:56.739Z","__v":0,"id":"685c5e243f3d572f81557383"},{"_id":"685c6cd53f3d572f81557597","movie":"685b038aa182c096ff7ed6df","theater":"685aedf764438d47c4b038af","datetime":"2025-06-26T18:00:00.000Z","fullPrice":30,"halfPrice":15,"seats":[{"row":"A","number":1,"status":"available"},{"row":"A","number":2,"status":"available"},{"row":"A","number":3,"status":"available"},{"row":"A","number":4,"status":"available"},{"row":"A","number":5,"status":"available"},{"row":"A","number":6,"status":"available"},{"row":"A","number":7,"status":"available"},{"row":"A","number":8,"status":"available"},{"row":"A","number":9,"status":"available"},{"row":"A","number":10,"status":"available"},{"row":"B","number":1,"status":"available"},{"row":"B","number":2,"status":"available"},{"row":"B","number":3,"status":"available"},{"row":"B","number":4,"status":"available"},{"row":"B","number":5,"status":"available"},{"row":"B","number":6,"status":"available"},{"row":"B","number":7,"status":"available"},{"row":"B","number":8,"status":"available"},{"row":"B","number":9,"status":"available"},{"row":"B","number":10,"status":"available"},{"row":"C","number":1,"status":"available"},{"row":"C","number":2,"status":"available"},{"row":"C","number":3,"status":"available"},{"row":"C","number":4,"status":"available"},{"row":"C","number":5,"status":"available"},{"row":"C","number":6,"status":"available"},{"row":"C","number":7,"status":"available"},{"row":"C","number":8,"status":"available"},{"row":"C","number":9,"status":"available"},{"row":"C","number":10,"status":"available"},{"row":"D","number":1,"status":"available"},{"row":"D","number":2,"status":"available"},{"row":"D","number":3,"status":"available"},{"row":"D","number":4,"status":"available"},{"row":"D","number":5,"status":"available"},{"row":"D","number":6,"status":"available"},{"row":"D","number":7,"status":"available"},{"row":"D","number":8,"status":"available"},{"row":"D","number":9,"status":"available"},{"row":"D","number":10,"status":"available"},{"row":"E","number":1,"status":"available"},{"row":"E","number":2,"status":"available"},{"row":"E","number":3,"status":"available"},{"row":"E","number":4,"status":"available"},{"row":"E","number":5,"status":"available"},{"row":"E","number":6,"status":"available"},{"row":"E","number":7,"status":"available"},{"row":"E","number":8,"status":"available"},{"row":"E","number":9,"status":"available"},{"row":"E","number":10,"status":"available"},{"row":"F","number":1,"status":"available"},{"row":"F","number":2,"status":"available"},{"row":"F","number":3,"status":"available"},{"row":"F","number":4,"status":"available"},{"row":"F","number":5,"status":"available"},{"row":"F","number":6,"status":"available"},{"row":"F","number":7,"status":"available"},{"row":"F","number":8,"status":"available"},{"row":"F","number":9,"status":"available"},{"row":"F","number":10,"status":"available"},{"row":"G","number":1,"status":"available"},{"row":"G","number":2,"status":"available"},{"row":"G","number":3,"status":"available"},{"row":"G","number":4,"status":"available"},{"row":"G","number":5,"status":"available"},{"row":"G","number":6,"status":"available"},{"row":"G","number":7,"status":"available"},{"row":"G","number":8,"status":"available"},{"row":"G","number":9,"status":"available"},{"row":"G","number":10,"status":"available"},{"row":"H","number":1,"status":"available"},{"row":"H","number":2,"status":"available"},{"row":"H","number":3,"status":"available"},{"row":"H","number":4,"status":"available"},{"row":"H","number":5,"status":"available"},{"row":"H","number":6,"status":"available"},{"row":"H","number":7,"status":"available"},{"row":"H","number":8,"status":"available"},{"row":"H","number":9,"status":"available"},{"row":"H","number":10,"status":"available"}],"createdAt":"2025-06-25T21:40:37.336Z","updatedAt":"2025-06-25T21:40:37.336Z","__v":0,"id":"685c6cd53f3d572f81557597"}],"id":"685b038aa182c096ff7ed6df"}} 
 </msg>
<msg time="2025-06-25T18:48:28.124571" level="INFO">${response} = &lt;Response [200]&gt;</msg>
<var>${response}</var>
<arg>api</arg>
<arg>/movies/${movie_id}</arg>
<doc>Sends a GET request on a previously created HTTP Session.</doc>
<status status="PASS" start="2025-06-25T18:48:28.036740" elapsed="0.087855"/>
</kw>
<return>
<value>${response}</value>
<status status="PASS" start="2025-06-25T18:48:28.124658" elapsed="0.000038"/>
</return>
<msg time="2025-06-25T18:48:28.124820" level="INFO">${response} = &lt;Response [200]&gt;</msg>
<var>${response}</var>
<arg>${movie_id[0]}</arg>
<status status="PASS" start="2025-06-25T18:48:28.036270" elapsed="0.088570"/>
</kw>
<kw name="Should Be Equal As Strings" owner="BuiltIn">
<msg time="2025-06-25T18:48:28.125537" level="INFO">Argument types are:
&lt;class 'int'&gt;
&lt;class 'str'&gt;</msg>
<arg>${response.status_code}</arg>
<arg>200</arg>
<doc>Fails if objects are unequal after converting them to strings.</doc>
<status status="PASS" start="2025-06-25T18:48:28.125010" elapsed="0.000586"/>
</kw>
<kw name="Get Value From Json" owner="JSONLibrary">
<msg time="2025-06-25T18:48:28.143416" level="INFO">${id} = ['685b038aa182c096ff7ed6df']</msg>
<var>${id}</var>
<arg>${response.json()}</arg>
<arg>$.data._id</arg>
<doc>Get Value From JSON using JSONPath</doc>
<status status="PASS" start="2025-06-25T18:48:28.125763" elapsed="0.017686"/>
</kw>
<kw name="Should Be Equal As Strings" owner="BuiltIn">
<arg>${id[0]}</arg>
<arg>${movie_id[0]}</arg>
<doc>Fails if objects are unequal after converting them to strings.</doc>
<status status="PASS" start="2025-06-25T18:48:28.143622" elapsed="0.000679"/>
</kw>
<tag>US-MOVIE-002</tag>
<status status="PASS" start="2025-06-25T18:48:27.937517" elapsed="0.206887"/>
</test>
<test id="s1-s2-t3" name="Cenário: Tentar obter filme com ID inexistente" line="23">
<kw name="GET On Session" owner="RequestsLibrary">
<msg time="2025-06-25T18:48:28.186477" level="INFO">GET Request : url=http://localhost:3000/api/v1/movies/60d0fe4f5311236168a109ff 
 path_url=/api/v1/movies/60d0fe4f5311236168a109ff 
 headers={'User-Agent': 'python-requests/2.32.4', 'Accept-Encoding': 'gzip, deflate', 'Accept': '*/*', 'Connection': 'keep-alive'} 
 body=None 
 </msg>
<msg time="2025-06-25T18:48:28.186538" level="INFO">GET Response : url=http://localhost:3000/api/v1/movies/60d0fe4f5311236168a109ff 
 status=404, reason=Not Found 
 headers={'X-Powered-By': 'Express', 'Access-Control-Allow-Origin': '*', 'Content-Type': 'application/json; charset=utf-8', 'Content-Length': '45', 'ETag': 'W/"2d-76yzoZ3aJF1oDN8vFKpqErDRmpM"', 'Date': 'Wed, 25 Jun 2025 21:48:28 GMT', 'Connection': 'keep-alive', 'Keep-Alive': 'timeout=5'} 
 body={"success":false,"message":"Movie not found"} 
 </msg>
<msg time="2025-06-25T18:48:28.186624" level="INFO">${response} = &lt;Response [404]&gt;</msg>
<var>${response}</var>
<arg>api</arg>
<arg>/movies/60d0fe4f5311236168a109ff</arg>
<arg>expected_status=404</arg>
<doc>Sends a GET request on a previously created HTTP Session.</doc>
<status status="PASS" start="2025-06-25T18:48:28.144759" elapsed="0.041882"/>
</kw>
<kw name="Get Value From Json" owner="JSONLibrary">
<msg time="2025-06-25T18:48:28.201233" level="INFO">${message} = ['Movie not found']</msg>
<var>${message}</var>
<arg>${response.json()}</arg>
<arg>$.message</arg>
<doc>Get Value From JSON using JSONPath</doc>
<status status="PASS" start="2025-06-25T18:48:28.186792" elapsed="0.014466"/>
</kw>
<kw name="Should Be Equal As Strings" owner="BuiltIn">
<arg>${message[0]}</arg>
<arg>Movie not found</arg>
<doc>Fails if objects are unequal after converting them to strings.</doc>
<status status="PASS" start="2025-06-25T18:48:28.201383" elapsed="0.000351"/>
</kw>
<tag>US-MOVIE-002</tag>
<status status="PASS" start="2025-06-25T18:48:28.144535" elapsed="0.057272"/>
</test>
<test id="s1-s2-t4" name="Cenário: Criar novo filme (Admin)" line="33">
<kw name="Get Current Date" owner="DateTime">
<msg time="2025-06-25T18:48:28.202179" level="INFO">${timestamp} = 1750888108.202144</msg>
<var>${timestamp}</var>
<arg>result_format=epoch</arg>
<doc>Returns current local or UTC time with an optional increment.</doc>
<status status="PASS" start="2025-06-25T18:48:28.202082" elapsed="0.000110"/>
</kw>
<kw name="Create Dictionary" owner="BuiltIn">
<msg time="2025-06-25T18:48:28.202749" level="INFO">&amp;{movie_data} = { title=New Movie 1750888108.202144 | synopsis=A great movie synopsis. | director=A Famous Director | genres=['Action', 'Sci-Fi'] | duration=120 | classification=PG-13 | releaseDate=2025-01-01T00:00:0...</msg>
<var>&amp;{movie_data}</var>
<arg>title=New Movie ${timestamp}</arg>
<arg>synopsis=A great movie synopsis.</arg>
<arg>director=A Famous Director</arg>
<arg>genres=${{[ "Action", "Sci-Fi" ]}}</arg>
<arg>duration=${120}</arg>
<arg>classification=PG-13</arg>
<arg>releaseDate=2025-01-01T00:00:00.000Z</arg>
<doc>Creates and returns a dictionary based on the given ``items``.</doc>
<status status="PASS" start="2025-06-25T18:48:28.202266" elapsed="0.000500"/>
</kw>
<kw name="Create Movie" owner="movie_keywords">
<kw name="Create Dictionary" owner="BuiltIn">
<msg time="2025-06-25T18:48:28.203157" level="INFO">${headers} = {'Authorization': 'Bearer eyJhbGciOiJIUzI1NiIsInR5cCI6IkpXVCJ9.eyJpZCI6IjY4NWFmMDQ2YTE4MmMwOTZmZjdlZDY3ZCIsImlhdCI6MTc1MDg4ODEwNywiZXhwIjoxNzUwOTc0NTA3fQ.LjUMyvPJCisFK0tKlRy-5BWtcNMWk22qLk6ZW5644oI'}</msg>
<var>${headers}</var>
<arg>Authorization=Bearer ${token}</arg>
<doc>Creates and returns a dictionary based on the given ``items``.</doc>
<status status="PASS" start="2025-06-25T18:48:28.203060" elapsed="0.000110"/>
</kw>
<kw name="POST On Session" owner="RequestsLibrary">
<msg time="2025-06-25T18:48:28.288960" level="INFO">POST Request : url=http://localhost:3000/api/v1/movies 
 path_url=/api/v1/movies 
 headers={'User-Agent': 'python-requests/2.32.4', 'Accept-Encoding': 'gzip, deflate', 'Accept': '*/*', 'Connection': 'keep-alive', 'Authorization': 'Bearer eyJhbGciOiJIUzI1NiIsInR5cCI6IkpXVCJ9.eyJpZCI6IjY4NWFmMDQ2YTE4MmMwOTZmZjdlZDY3ZCIsImlhdCI6MTc1MDg4ODEwNywiZXhwIjoxNzUwOTc0NTA3fQ.LjUMyvPJCisFK0tKlRy-5BWtcNMWk22qLk6ZW5644oI', 'Content-Length': '231', 'Content-Type': 'application/json'} 
 body=b'{"title": "New Movie 1750888108.202144", "synopsis": "A great movie synopsis.", "director": "A Famous Director", "genres": ["Action", "Sci-Fi"], "duration": 120, "classification": "PG-13", "releaseDate": "2025-01-01T00:00:00.000Z"}' 
 </msg>
<msg time="2025-06-25T18:48:28.289020" level="INFO">POST Response : url=http://localhost:3000/api/v1/movies 
 status=201, reason=Created 
 headers={'X-Powered-By': 'Express', 'Access-Control-Allow-Origin': '*', 'Content-Type': 'application/json; charset=utf-8', 'Content-Length': '416', 'ETag': 'W/"1a0-lniM416JZrv1F2GykqGiopYPJC4"', 'Date': 'Wed, 25 Jun 2025 21:48:28 GMT', 'Connection': 'keep-alive', 'Keep-Alive': 'timeout=5'} 
 body={"success":true,"data":{"title":"New Movie 1750888108.202144","synopsis":"A great movie synopsis.","director":"A Famous Director","genres":["Action","Sci-Fi"],"duration":120,"classification":"PG-13","poster":"no-image.jpg","releaseDate":"2025-01-01T00:00:00.000Z","_id":"685c6eac3f3d572f815575da","createdAt":"2025-06-25T21:48:28.244Z","updatedAt":"2025-06-25T21:48:28.244Z","__v":0,"id":"685c6eac3f3d572f815575da"}} 
 </msg>
<msg time="2025-06-25T18:48:28.289103" level="INFO">${response} = &lt;Response [201]&gt;</msg>
<var>${response}</var>
<arg>api</arg>
<arg>/movies</arg>
<arg>headers=${headers}</arg>
<arg>json=${movie_data}</arg>
<doc>Sends a POST request on a previously created HTTP Session.</doc>
<status status="PASS" start="2025-06-25T18:48:28.203223" elapsed="0.085897"/>
</kw>
<return>
<value>${response}</value>
<status status="PASS" start="2025-06-25T18:48:28.289170" elapsed="0.000029"/>
</return>
<msg time="2025-06-25T18:48:28.289301" level="INFO">${response} = &lt;Response [201]&gt;</msg>
<var>${response}</var>
<arg>${ADMIN_TOKEN}</arg>
<arg>${movie_data}</arg>
<status status="PASS" start="2025-06-25T18:48:28.202896" elapsed="0.086419"/>
</kw>
<kw name="Should Be Equal As Strings" owner="BuiltIn">
<msg time="2025-06-25T18:48:28.289779" level="INFO">Argument types are:
&lt;class 'int'&gt;
&lt;class 'str'&gt;</msg>
<arg>${response.status_code}</arg>
<arg>201</arg>
<doc>Fails if objects are unequal after converting them to strings.</doc>
<status status="PASS" start="2025-06-25T18:48:28.289441" elapsed="0.000433"/>
</kw>
<kw name="Get Value From Json" owner="JSONLibrary">
<msg time="2025-06-25T18:48:28.302018" level="INFO">${title} = ['New Movie 1750888108.202144']</msg>
<var>${title}</var>
<arg>${response.json()}</arg>
<arg>$.data.title</arg>
<doc>Get Value From JSON using JSONPath</doc>
<status status="PASS" start="2025-06-25T18:48:28.289976" elapsed="0.012064"/>
</kw>
<kw name="Should Be Equal As Strings" owner="BuiltIn">
<arg>${title[0]}</arg>
<arg>New Movie ${timestamp}</arg>
<doc>Fails if objects are unequal after converting them to strings.</doc>
<status status="PASS" start="2025-06-25T18:48:28.302144" elapsed="0.000346"/>
</kw>
<tag>Admin</tag>
<status status="PASS" start="2025-06-25T18:48:28.201905" elapsed="0.100661"/>
</test>
<test id="s1-s2-t5" name="Cenário: Excluir um filme (Admin)" line="49">
<kw name="Get Current Date" owner="DateTime">
<msg time="2025-06-25T18:48:28.302953" level="INFO">${timestamp} = 1750888108.302917</msg>
<var>${timestamp}</var>
<arg>result_format=epoch</arg>
<doc>Returns current local or UTC time with an optional increment.</doc>
<status status="PASS" start="2025-06-25T18:48:28.302853" elapsed="0.000114"/>
</kw>
<kw name="Create Dictionary" owner="BuiltIn">
<msg time="2025-06-25T18:48:28.303536" level="INFO">&amp;{movie_data} = { title=To Be Deleted 1750888108.302917 | synopsis=Synopsis for deletion. | director=Director | genres=['Drama'] | duration=90 | classification=R | releaseDate=2025-01-01T00:00:00.000Z }</msg>
<var>&amp;{movie_data}</var>
<arg>title=To Be Deleted ${timestamp}</arg>
<arg>synopsis=Synopsis for deletion.</arg>
<arg>director=Director</arg>
<arg>genres=${{[ "Drama" ]}}</arg>
<arg>duration=${90}</arg>
<arg>classification=R</arg>
<arg>releaseDate=2025-01-01T00:00:00.000Z</arg>
<doc>Creates and returns a dictionary based on the given ``items``.</doc>
<status status="PASS" start="2025-06-25T18:48:28.303045" elapsed="0.000507"/>
</kw>
<kw name="Create Movie" owner="movie_keywords">
<kw name="Create Dictionary" owner="BuiltIn">
<msg time="2025-06-25T18:48:28.303934" level="INFO">${headers} = {'Authorization': 'Bearer eyJhbGciOiJIUzI1NiIsInR5cCI6IkpXVCJ9.eyJpZCI6IjY4NWFmMDQ2YTE4MmMwOTZmZjdlZDY3ZCIsImlhdCI6MTc1MDg4ODEwNywiZXhwIjoxNzUwOTc0NTA3fQ.LjUMyvPJCisFK0tKlRy-5BWtcNMWk22qLk6ZW5644oI'}</msg>
<var>${headers}</var>
<arg>Authorization=Bearer ${token}</arg>
<doc>Creates and returns a dictionary based on the given ``items``.</doc>
<status status="PASS" start="2025-06-25T18:48:28.303835" elapsed="0.000112"/>
</kw>
<kw name="POST On Session" owner="RequestsLibrary">
<msg time="2025-06-25T18:48:28.388618" level="INFO">POST Request : url=http://localhost:3000/api/v1/movies 
 path_url=/api/v1/movies 
 headers={'User-Agent': 'python-requests/2.32.4', 'Accept-Encoding': 'gzip, deflate', 'Accept': '*/*', 'Connection': 'keep-alive', 'Authorization': 'Bearer eyJhbGciOiJIUzI1NiIsInR5cCI6IkpXVCJ9.eyJpZCI6IjY4NWFmMDQ2YTE4MmMwOTZmZjdlZDY3ZCIsImlhdCI6MTc1MDg4ODEwNywiZXhwIjoxNzUwOTc0NTA3fQ.LjUMyvPJCisFK0tKlRy-5BWtcNMWk22qLk6ZW5644oI', 'Content-Length': '209', 'Content-Type': 'application/json'} 
 body=b'{"title": "To Be Deleted 1750888108.302917", "synopsis": "Synopsis for deletion.", "director": "Director", "genres": ["Drama"], "duration": 90, "classification": "R", "releaseDate": "2025-01-01T00:00:00.000Z"}' 
 </msg>
<msg time="2025-06-25T18:48:28.388698" level="INFO">POST Response : url=http://localhost:3000/api/v1/movies 
 status=201, reason=Created 
 headers={'X-Powered-By': 'Express', 'Access-Control-Allow-Origin': '*', 'Content-Type': 'application/json; charset=utf-8', 'Content-Length': '395', 'ETag': 'W/"18b-89ZvsVkRYtMx13/eI5VZxwK0od0"', 'Date': 'Wed, 25 Jun 2025 21:48:28 GMT', 'Connection': 'keep-alive', 'Keep-Alive': 'timeout=5'} 
 body={"success":true,"data":{"title":"To Be Deleted 1750888108.302917","synopsis":"Synopsis for deletion.","director":"Director","genres":["Drama"],"duration":90,"classification":"R","poster":"no-image.jpg","releaseDate":"2025-01-01T00:00:00.000Z","_id":"685c6eac3f3d572f815575dd","createdAt":"2025-06-25T21:48:28.345Z","updatedAt":"2025-06-25T21:48:28.345Z","__v":0,"id":"685c6eac3f3d572f815575dd"}} 
 </msg>
<msg time="2025-06-25T18:48:28.388813" level="INFO">${response} = &lt;Response [201]&gt;</msg>
<var>${response}</var>
<arg>api</arg>
<arg>/movies</arg>
<arg>headers=${headers}</arg>
<arg>json=${movie_data}</arg>
<doc>Sends a POST request on a previously created HTTP Session.</doc>
<status status="PASS" start="2025-06-25T18:48:28.304003" elapsed="0.084833"/>
</kw>
<return>
<value>${response}</value>
<status status="PASS" start="2025-06-25T18:48:28.388902" elapsed="0.000036"/>
</return>
<msg time="2025-06-25T18:48:28.389061" level="INFO">${create_response} = &lt;Response [201]&gt;</msg>
<var>${create_response}</var>
<arg>${ADMIN_TOKEN}</arg>
<arg>${movie_data}</arg>
<status status="PASS" start="2025-06-25T18:48:28.303674" elapsed="0.085407"/>
</kw>
<kw name="Get Value From Json" owner="JSONLibrary">
<msg time="2025-06-25T18:48:28.404730" level="INFO">${movie_id} = ['685c6eac3f3d572f815575dd']</msg>
<var>${movie_id}</var>
<arg>${create_response.json()}</arg>
<arg>$.data._id</arg>
<doc>Get Value From JSON using JSONPath</doc>
<status status="PASS" start="2025-06-25T18:48:28.389251" elapsed="0.015509"/>
</kw>
<kw name="Delete Movie" owner="movie_keywords">
<kw name="Create Dictionary" owner="BuiltIn">
<msg time="2025-06-25T18:48:28.405776" level="INFO">${headers} = {'Authorization': 'Bearer eyJhbGciOiJIUzI1NiIsInR5cCI6IkpXVCJ9.eyJpZCI6IjY4NWFmMDQ2YTE4MmMwOTZmZjdlZDY3ZCIsImlhdCI6MTc1MDg4ODEwNywiZXhwIjoxNzUwOTc0NTA3fQ.LjUMyvPJCisFK0tKlRy-5BWtcNMWk22qLk6ZW5644oI'}</msg>
<var>${headers}</var>
<arg>Authorization=Bearer ${token}</arg>
<doc>Creates and returns a dictionary based on the given ``items``.</doc>
<status status="PASS" start="2025-06-25T18:48:28.405633" elapsed="0.000162"/>
</kw>
<kw name="DELETE On Session" owner="RequestsLibrary">
<msg time="2025-06-25T18:48:28.530943" level="INFO">DELETE Request : url=http://localhost:3000/api/v1/movies/685c6eac3f3d572f815575dd 
 path_url=/api/v1/movies/685c6eac3f3d572f815575dd 
 headers={'User-Agent': 'python-requests/2.32.4', 'Accept-Encoding': 'gzip, deflate', 'Accept': '*/*', 'Connection': 'keep-alive', 'Authorization': 'Bearer eyJhbGciOiJIUzI1NiIsInR5cCI6IkpXVCJ9.eyJpZCI6IjY4NWFmMDQ2YTE4MmMwOTZmZjdlZDY3ZCIsImlhdCI6MTc1MDg4ODEwNywiZXhwIjoxNzUwOTc0NTA3fQ.LjUMyvPJCisFK0tKlRy-5BWtcNMWk22qLk6ZW5644oI', 'Content-Length': '0'} 
 body=None 
 </msg>
<msg time="2025-06-25T18:48:28.531061" level="INFO">DELETE Response : url=http://localhost:3000/api/v1/movies/685c6eac3f3d572f815575dd 
 status=200, reason=OK 
 headers={'X-Powered-By': 'Express', 'Access-Control-Allow-Origin': '*', 'Content-Type': 'application/json; charset=utf-8', 'Content-Length': '42', 'ETag': 'W/"2a-hADHoyMaFDqXJclxgYdNbQRmW6U"', 'Date': 'Wed, 25 Jun 2025 21:48:28 GMT', 'Connection': 'keep-alive', 'Keep-Alive': 'timeout=5'} 
 body={"success":true,"message":"Movie removed"} 
 </msg>
<msg time="2025-06-25T18:48:28.531224" level="INFO">${response} = &lt;Response [200]&gt;</msg>
<var>${response}</var>
<arg>api</arg>
<arg>/movies/${movie_id}</arg>
<arg>headers=${headers}</arg>
<doc>Sends a DELETE request on a previously created HTTP Session.</doc>
<status status="PASS" start="2025-06-25T18:48:28.405867" elapsed="0.125392"/>
</kw>
<return>
<value>${response}</value>
<status status="PASS" start="2025-06-25T18:48:28.531357" elapsed="0.000053"/>
</return>
<msg time="2025-06-25T18:48:28.531587" level="INFO">${delete_response} = &lt;Response [200]&gt;</msg>
<var>${delete_response}</var>
<arg>${ADMIN_TOKEN}</arg>
<arg>${movie_id[0]}</arg>
<status status="PASS" start="2025-06-25T18:48:28.405077" elapsed="0.126541"/>
</kw>
<kw name="Should Be Equal As Strings" owner="BuiltIn">
<msg time="2025-06-25T18:48:28.532430" level="INFO">Argument types are:
&lt;class 'int'&gt;
&lt;class 'str'&gt;</msg>
<arg>${delete_response.status_code}</arg>
<arg>200</arg>
<doc>Fails if objects are unequal after converting them to strings.</doc>
<status status="PASS" start="2025-06-25T18:48:28.531869" elapsed="0.000617"/>
</kw>
<kw name="Get Value From Json" owner="JSONLibrary">
<msg time="2025-06-25T18:48:28.543621" level="INFO">${message} = ['Movie removed']</msg>
<var>${message}</var>
<arg>${delete_response.json()}</arg>
<arg>$.message</arg>
<doc>Get Value From JSON using JSONPath</doc>
<status status="PASS" start="2025-06-25T18:48:28.532728" elapsed="0.010915"/>
</kw>
<kw name="Should Be Equal As Strings" owner="BuiltIn">
<arg>${message[0]}</arg>
<arg>Movie removed</arg>
<doc>Fails if objects are unequal after converting them to strings.</doc>
<status status="PASS" start="2025-06-25T18:48:28.543762" elapsed="0.000305"/>
</kw>
<tag>Admin</tag>
<status status="PASS" start="2025-06-25T18:48:28.302667" elapsed="0.241472"/>
</test>
<status status="PASS" start="2025-06-25T18:48:27.593553" elapsed="0.950717"/>
</suite>
<suite id="s1-s3" name="Test Permissions" source="/Users/cas/Personal Files/Projects/Trabalho/CompassUOL/PB/cinema-challenge-app-tests/backend-tests/tests/test_permissions.robot">
<kw name="Setup and Teardown" owner="base" type="SETUP">
<kw name="Create Session" owner="RequestsLibrary">
<msg time="2025-06-25T18:48:28.546685" level="INFO">Creating Session using : alias=api, url=http://localhost:3000/api/v1, headers={},                     cookies={}, auth=None, timeout=None, proxies=None, verify=False,                     debug=0 </msg>
<arg>api</arg>
<arg>${BASE_URL}</arg>
<doc>Create Session: create a HTTP session to a server</doc>
<status status="PASS" start="2025-06-25T18:48:28.546632" elapsed="0.000121"/>
</kw>
<kw name="Log In Admin And Set Token" owner="base">
<kw name="Login User" owner="auth_keywords">
<kw name="Create Dictionary" owner="BuiltIn">
<msg time="2025-06-25T18:48:28.547084" level="INFO">${body} = {'email': 'adminuser@example.com', 'password': 'password123'}</msg>
<var>${body}</var>
<arg>email=${email}</arg>
<arg>password=${password}</arg>
<doc>Creates and returns a dictionary based on the given ``items``.</doc>
<status status="PASS" start="2025-06-25T18:48:28.546989" elapsed="0.000105"/>
</kw>
<kw name="POST On Session" owner="RequestsLibrary">
<msg time="2025-06-25T18:48:28.671427" level="INFO">POST Request : url=http://localhost:3000/api/v1/auth/login 
 path_url=/api/v1/auth/login 
 headers={'User-Agent': 'python-requests/2.32.4', 'Accept-Encoding': 'gzip, deflate', 'Accept': '*/*', 'Connection': 'keep-alive', 'Content-Length': '61', 'Content-Type': 'application/json'} 
 body=b'{"email": "adminuser@example.com", "password": "password123"}' 
 </msg>
<msg time="2025-06-25T18:48:28.671478" level="INFO">POST Response : url=http://localhost:3000/api/v1/auth/login 
 status=200, reason=OK 
 headers={'X-Powered-By': 'Express', 'Access-Control-Allow-Origin': '*', 'Content-Type': 'application/json; charset=utf-8', 'Content-Length': '327', 'ETag': 'W/"147-HmomgSrNgrrqJ7rqJencKVheBvI"', 'Date': 'Wed, 25 Jun 2025 21:48:28 GMT', 'Connection': 'keep-alive', 'Keep-Alive': 'timeout=5'} 
 body={"success":true,"data":{"_id":"685af046a182c096ff7ed67d","name":"AdminUpdated 1750887849.246224","email":"adminuser@example.com","role":"admin","token":"eyJhbGciOiJIUzI1NiIsInR5cCI6IkpXVCJ9.eyJpZCI6IjY4NWFmMDQ2YTE4MmMwOTZmZjdlZDY3ZCIsImlhdCI6MTc1MDg4ODEwOCwiZXhwIjoxNzUwOTc0NTA4fQ._ozdacEMNIM6z74xfa3Pln5UwHpiiyWlt_L1A-09274"}} 
 </msg>
<msg time="2025-06-25T18:48:28.671547" level="INFO">${response} = &lt;Response [200]&gt;</msg>
<var>${response}</var>
<arg>api</arg>
<arg>/auth/login</arg>
<arg>json=${body}</arg>
<doc>Sends a POST request on a previously created HTTP Session.</doc>
<status status="PASS" start="2025-06-25T18:48:28.547138" elapsed="0.124422"/>
</kw>
<kw name="Should Be Equal As Strings" owner="BuiltIn">
<msg time="2025-06-25T18:48:28.671898" level="INFO">Argument types are:
&lt;class 'int'&gt;
&lt;class 'str'&gt;</msg>
<arg>${response.status_code}</arg>
<arg>200</arg>
<doc>Fails if objects are unequal after converting them to strings.</doc>
<status status="PASS" start="2025-06-25T18:48:28.671653" elapsed="0.000267"/>
</kw>
<kw name="Get Value From Json" owner="JSONLibrary">
[...]
<msg time="2025-06-25T18:48:37.063733" level="INFO">Argument types are:
&lt;class 'int'&gt;
&lt;class 'str'&gt;</msg>
<arg>${response.status_code}</arg>
<arg>200</arg>
<doc>Fails if objects are unequal after converting them to strings.</doc>
<status status="PASS" start="2025-06-25T18:48:37.063189" elapsed="0.000600"/>
</kw>
<kw name="Get Value From Json" owner="JSONLibrary">
<msg time="2025-06-25T18:48:37.082226" level="INFO">${id} = ['685af046a182c096ff7ed67d']</msg>
<var>${id}</var>
<arg>${response.json()}</arg>
<arg>$.data._id</arg>
<doc>Get Value From JSON using JSONPath</doc>
<status status="PASS" start="2025-06-25T18:48:37.063959" elapsed="0.018292"/>
</kw>
<kw name="Should Be Equal As Strings" owner="BuiltIn">
<arg>${id[0]}</arg>
<arg>${user_id[0]}</arg>
<doc>Fails if objects are unequal after converting them to strings.</doc>
<status status="PASS" start="2025-06-25T18:48:37.082401" elapsed="0.000607"/>
</kw>
<tag>Admin</tag>
<status status="PASS" start="2025-06-25T18:48:36.880519" elapsed="0.202582"/>
</test>
<test id="s1-s7-t3" name="Cenário: Atualizar dados de um usuário (Admin)" line="23">
<kw name="List All Users" owner="user_keywords">
<kw name="Create Dictionary" owner="BuiltIn">
<msg time="2025-06-25T18:48:37.083820" level="INFO">${headers} = {'Authorization': 'Bearer eyJhbGciOiJIUzI1NiIsInR5cCI6IkpXVCJ9.eyJpZCI6IjY4NWFmMDQ2YTE4MmMwOTZmZjdlZDY3ZCIsImlhdCI6MTc1MDg4ODExNiwiZXhwIjoxNzUwOTc0NTE2fQ.maRrlnSeboR20FnD_uJPPhzsVIzJSAd1QckEGBcIP_U'}</msg>
<var>${headers}</var>
<arg>Authorization=Bearer ${token}</arg>
<doc>Creates and returns a dictionary based on the given ``items``.</doc>
<status status="PASS" start="2025-06-25T18:48:37.083682" elapsed="0.000156"/>
</kw>
<kw name="GET On Session" owner="RequestsLibrary">
<msg time="2025-06-25T18:48:37.167880" level="INFO">GET Request : url=http://localhost:3000/api/v1/users 
 path_url=/api/v1/users 
 headers={'User-Agent': 'python-requests/2.32.4', 'Accept-Encoding': 'gzip, deflate', 'Accept': '*/*', 'Connection': 'keep-alive', 'Authorization': 'Bearer eyJhbGciOiJIUzI1NiIsInR5cCI6IkpXVCJ9.eyJpZCI6IjY4NWFmMDQ2YTE4MmMwOTZmZjdlZDY3ZCIsImlhdCI6MTc1MDg4ODExNiwiZXhwIjoxNzUwOTc0NTE2fQ.maRrlnSeboR20FnD_uJPPhzsVIzJSAd1QckEGBcIP_U'} 
 body=None 
 </msg>
<msg time="2025-06-25T18:48:37.167960" level="INFO">GET Response : url=http://localhost:3000/api/v1/users 
 status=200, reason=OK 
 headers={'X-Powered-By': 'Express', 'Access-Control-Allow-Origin': '*', 'Content-Type': 'application/json; charset=utf-8', 'Content-Length': '1770', 'ETag': 'W/"6ea-Vvy02Jzu26vlLRJy0Av2a2SJwUA"', 'Date': 'Wed, 25 Jun 2025 21:48:37 GMT', 'Connection': 'keep-alive', 'Keep-Alive': 'timeout=5'} 
 body={"success":true,"count":8,"data":[{"_id":"685af046a182c096ff7ed67d","name":"AdminUpdated 1750887849.246224","email":"adminuser@example.com","role":"admin","createdAt":"2025-06-24T18:36:54.641Z","updatedAt":"2025-06-25T21:44:09.329Z","__v":0},{"_id":"685b0275a182c096ff7ed6d9","name":"Updated Name 1750888107.447785","email":"regularuser@example.com","role":"user","createdAt":"2025-06-24T19:54:29.846Z","updatedAt":"2025-06-25T21:48:27.530Z","__v":0},{"_id":"685c4b743f3d572f815572c5","name":"Test User 1750879092.008441","email":"testuser1750879092.008441@example.com","role":"user","createdAt":"2025-06-25T19:18:12.049Z","updatedAt":"2025-06-25T19:18:12.049Z","__v":0},{"_id":"685c4c963f3d572f815572d6","name":"Test User 1750879382.57828","email":"testuser1750879382.57828@example.com","role":"user","createdAt":"2025-06-25T19:23:02.619Z","updatedAt":"2025-06-25T19:23:02.619Z","__v":0},{"_id":"685c4dc43f3d572f815572e3","name":"Test User 1750879684.729375","email":"testuser1750879684.729375@example.com","role":"user","createdAt":"2025-06-25T19:28:04.770Z","updatedAt":"2025-06-25T19:28:04.770Z","__v":0},{"_id":"685c4dde3f3d572f815572f0","name":"Test User 1750879710.086916","email":"testuser1750879710.086916@example.com","role":"user","createdAt":"2025-06-25T19:28:30.127Z","updatedAt":"2025-06-25T19:28:30.127Z","__v":0},{"_id":"685c5fa83f3d572f8155739b","name":"Test User 1750884263.945594","email":"testuser1750884263.945594@example.com","role":"user","createdAt":"2025-06-25T20:44:24.018Z","updatedAt":"2025-06-25T20:44:24.018Z","__v":0},{"_id":"685c6eaa3f3d572f815575c6","name":"Test User 1750888106.890563","email":"testuser1750888106.890563@example.com","role":"user","createdAt":"2025-06-25T21:48:26.931Z","updatedAt":"2025-06-25T21:48:26.931Z","__v":0}]} 
 </msg>
<msg time="2025-06-25T18:48:37.168092" level="INFO">${response} = &lt;Response [200]&gt;</msg>
<var>${response}</var>
<arg>api</arg>
<arg>/users</arg>
<arg>headers=${headers}</arg>
<doc>Sends a GET request on a previously created HTTP Session.</doc>
<status status="PASS" start="2025-06-25T18:48:37.083912" elapsed="0.084284"/>
</kw>
<return>
<value>${response}</value>
<status status="PASS" start="2025-06-25T18:48:37.168269" elapsed="0.000043"/>
</return>
<msg time="2025-06-25T18:48:37.168454" level="INFO">${users_response} = &lt;Response [200]&gt;</msg>
<var>${users_response}</var>
<arg>${ADMIN_TOKEN}</arg>
<status status="PASS" start="2025-06-25T18:48:37.083499" elapsed="0.084980"/>
</kw>
<kw name="Get Value From Json" owner="JSONLibrary">
<msg time="2025-06-25T18:48:37.187843" level="INFO">${user_id} = ['685af046a182c096ff7ed67d']</msg>
<var>${user_id}</var>
<arg>${users_response.json()}</arg>
<arg>$.data[0]._id</arg>
<doc>Get Value From JSON using JSONPath</doc>
<status status="PASS" start="2025-06-25T18:48:37.168660" elapsed="0.019212"/>
</kw>
<kw name="Get Current Date" owner="DateTime">
<msg time="2025-06-25T18:48:37.188268" level="INFO">${timestamp} = 1750888117.188165</msg>
<var>${timestamp}</var>
<arg>result_format=epoch</arg>
<doc>Returns current local or UTC time with an optional increment.</doc>
<status status="PASS" start="2025-06-25T18:48:37.188022" elapsed="0.000296"/>
</kw>
<kw name="Set Variable" owner="BuiltIn">
<msg time="2025-06-25T18:48:37.188707" level="INFO">${new_name} = AdminUpdated 1750888117.188165</msg>
<var>${new_name}</var>
<arg>AdminUpdated ${timestamp}</arg>
<doc>Returns the given values which can then be assigned to a variables.</doc>
<status status="PASS" start="2025-06-25T18:48:37.188535" elapsed="0.000193"/>
</kw>
<kw name="Create Dictionary" owner="BuiltIn">
<msg time="2025-06-25T18:48:37.189029" level="INFO">&amp;{update_data} = { name=AdminUpdated 1750888117.188165 }</msg>
<var>&amp;{update_data}</var>
<arg>name=${new_name}</arg>
<doc>Creates and returns a dictionary based on the given ``items``.</doc>
<status status="PASS" start="2025-06-25T18:48:37.188851" elapsed="0.000198"/>
</kw>
<kw name="Update User By Admin" owner="user_keywords">
<kw name="Create Dictionary" owner="BuiltIn">
<msg time="2025-06-25T18:48:37.189844" level="INFO">${headers} = {'Authorization': 'Bearer eyJhbGciOiJIUzI1NiIsInR5cCI6IkpXVCJ9.eyJpZCI6IjY4NWFmMDQ2YTE4MmMwOTZmZjdlZDY3ZCIsImlhdCI6MTc1MDg4ODExNiwiZXhwIjoxNzUwOTc0NTE2fQ.maRrlnSeboR20FnD_uJPPhzsVIzJSAd1QckEGBcIP_U'}</msg>
<var>${headers}</var>
<arg>Authorization=Bearer ${token}</arg>
<doc>Creates and returns a dictionary based on the given ``items``.</doc>
<status status="PASS" start="2025-06-25T18:48:37.189720" elapsed="0.000142"/>
</kw>
<kw name="PUT On Session" owner="RequestsLibrary">
<msg time="2025-06-25T18:48:37.317937" level="INFO">PUT Request : url=http://localhost:3000/api/v1/users/685af046a182c096ff7ed67d 
 path_url=/api/v1/users/685af046a182c096ff7ed67d 
 headers={'User-Agent': 'python-requests/2.32.4', 'Accept-Encoding': 'gzip, deflate', 'Accept': '*/*', 'Connection': 'keep-alive', 'Authorization': 'Bearer eyJhbGciOiJIUzI1NiIsInR5cCI6IkpXVCJ9.eyJpZCI6IjY4NWFmMDQ2YTE4MmMwOTZmZjdlZDY3ZCIsImlhdCI6MTc1MDg4ODExNiwiZXhwIjoxNzUwOTc0NTE2fQ.maRrlnSeboR20FnD_uJPPhzsVIzJSAd1QckEGBcIP_U', 'Content-Length': '42', 'Content-Type': 'application/json'} 
 body=b'{"name": "AdminUpdated 1750888117.188165"}' 
 </msg>
<msg time="2025-06-25T18:48:37.318188" level="INFO">PUT Response : url=http://localhost:3000/api/v1/users/685af046a182c096ff7ed67d 
 status=200, reason=OK 
 headers={'X-Powered-By': 'Express', 'Access-Control-Allow-Origin': '*', 'Content-Type': 'application/json; charset=utf-8', 'Content-Length': '145', 'ETag': 'W/"91-zVw71OsuvWsEAbPpTpQ1N3pn43A"', 'Date': 'Wed, 25 Jun 2025 21:48:37 GMT', 'Connection': 'keep-alive', 'Keep-Alive': 'timeout=5'} 
 body={"success":true,"data":{"_id":"685af046a182c096ff7ed67d","name":"AdminUpdated 1750888117.188165","email":"adminuser@example.com","role":"admin"}} 
 </msg>
<msg time="2025-06-25T18:48:37.318560" level="INFO">${response} = &lt;Response [200]&gt;</msg>
<var>${response}</var>
<arg>api</arg>
<arg>/users/${user_id}</arg>
<arg>headers=${headers}</arg>
<arg>json=${update_data}</arg>
<doc>Sends a PUT request on a previously created HTTP Session.</doc>
<status status="PASS" start="2025-06-25T18:48:37.189936" elapsed="0.128696"/>
</kw>
<return>
<value>${response}</value>
<status status="PASS" start="2025-06-25T18:48:37.318870" elapsed="0.000095"/>
</return>
<msg time="2025-06-25T18:48:37.319211" level="INFO">${response} = &lt;Response [200]&gt;</msg>
<var>${response}</var>
<arg>${ADMIN_TOKEN}</arg>
<arg>${user_id[0]}</arg>
<arg>${update_data}</arg>
<status status="PASS" start="2025-06-25T18:48:37.189201" elapsed="0.130048"/>
</kw>
<kw name="Should Be Equal As Strings" owner="BuiltIn">
<msg time="2025-06-25T18:48:37.320600" level="INFO">Argument types are:
&lt;class 'int'&gt;
&lt;class 'str'&gt;</msg>
<arg>${response.status_code}</arg>
<arg>200</arg>
<doc>Fails if objects are unequal after converting them to strings.</doc>
<status status="PASS" start="2025-06-25T18:48:37.319620" elapsed="0.001069"/>
</kw>
<kw name="Get Value From Json" owner="JSONLibrary">
<msg time="2025-06-25T18:48:37.344332" level="INFO">${name} = ['AdminUpdated 1750888117.188165']</msg>
<var>${name}</var>
<arg>${response.json()}</arg>
<arg>$.data.name</arg>
<doc>Get Value From JSON using JSONPath</doc>
<status status="PASS" start="2025-06-25T18:48:37.320927" elapsed="0.023449"/>
</kw>
<kw name="Should Be Equal As Strings" owner="BuiltIn">
<arg>${name[0]}</arg>
<arg>${new_name}</arg>
<doc>Fails if objects are unequal after converting them to strings.</doc>
<status status="PASS" start="2025-06-25T18:48:37.344591" elapsed="0.000576"/>
</kw>
<tag>Admin</tag>
<status status="PASS" start="2025-06-25T18:48:37.083223" elapsed="0.262084"/>
</test>
<test id="s1-s7-t4" name="Cenário: Excluir um usuário (Admin)" line="35">
<kw name="Get Current Date" owner="DateTime">
<msg time="2025-06-25T18:48:37.345921" level="INFO">${timestamp} = 1750888117.345868</msg>
<var>${timestamp}</var>
<arg>result_format=epoch</arg>
<doc>Returns current local or UTC time with an optional increment.</doc>
<status status="PASS" start="2025-06-25T18:48:37.345769" elapsed="0.000173"/>
</kw>
<kw name="Set Variable" owner="BuiltIn">
<msg time="2025-06-25T18:48:37.346164" level="INFO">${email} = todelete1750888117.345868@example.com</msg>
<var>${email}</var>
<arg>todelete${timestamp}@example.com</arg>
<doc>Returns the given values which can then be assigned to a variables.</doc>
<status status="PASS" start="2025-06-25T18:48:37.346048" elapsed="0.000133"/>
</kw>
<kw name="Register New User" owner="auth_keywords">
<kw name="Create Dictionary" owner="BuiltIn">
<msg time="2025-06-25T18:48:37.346778" level="INFO">${body} = {'name': 'ToDelete', 'email': 'todelete1750888117.345868@example.com', 'password': 'password123'}</msg>
<var>${body}</var>
<arg>name=${name}</arg>
<arg>email=${email}</arg>
<arg>password=${password}</arg>
<doc>Creates and returns a dictionary based on the given ``items``.</doc>
<status status="PASS" start="2025-06-25T18:48:37.346574" elapsed="0.000223"/>
</kw>
<kw name="POST On Session" owner="RequestsLibrary">
<msg time="2025-06-25T18:48:37.515244" level="INFO">POST Request : url=http://localhost:3000/api/v1/auth/register 
 path_url=/api/v1/auth/register 
 headers={'User-Agent': 'python-requests/2.32.4', 'Accept-Encoding': 'gzip, deflate', 'Accept': '*/*', 'Connection': 'keep-alive', 'Content-Length': '97', 'Content-Type': 'application/json'} 
 body=b'{"name": "ToDelete", "email": "todelete1750888117.345868@example.com", "password": "password123"}' 
 </msg>
<msg time="2025-06-25T18:48:37.515299" level="INFO">POST Response : url=http://localhost:3000/api/v1/auth/register 
 status=201, reason=Created 
 headers={'X-Powered-By': 'Express', 'Access-Control-Allow-Origin': '*', 'Content-Type': 'application/json; charset=utf-8', 'Content-Length': '320', 'ETag': 'W/"140-XricFhr+f8bZRz36H6HXit1HOSc"', 'Date': 'Wed, 25 Jun 2025 21:48:37 GMT', 'Connection': 'keep-alive', 'Keep-Alive': 'timeout=5'} 
 body={"success":true,"data":{"_id":"685c6eb53f3d572f81557684","name":"ToDelete","email":"todelete1750888117.345868@example.com","role":"user","token":"eyJhbGciOiJIUzI1NiIsInR5cCI6IkpXVCJ9.eyJpZCI6IjY4NWM2ZWI1M2YzZDU3MmY4MTU1NzY4NCIsImlhdCI6MTc1MDg4ODExNywiZXhwIjoxNzUwOTc0NTE3fQ.2lvzqBKgp_ViIkoPAR3V7gqYfOpd0JV1DrkH9ihuJFU"}} 
 </msg>
<msg time="2025-06-25T18:48:37.515440" level="INFO">${response} = &lt;Response [201]&gt;</msg>
<var>${response}</var>
<arg>api</arg>
<arg>/auth/register</arg>
<arg>json=${body}</arg>
<doc>Sends a POST request on a previously created HTTP Session.</doc>
<status status="PASS" start="2025-06-25T18:48:37.346882" elapsed="0.168572"/>
</kw>
<return>
<value>${response}</value>
<status status="PASS" start="2025-06-25T18:48:37.515497" elapsed="0.000024"/>
</return>
<msg time="2025-06-25T18:48:37.515593" level="INFO">${create_response} = &lt;Response [201]&gt;</msg>
<var>${create_response}</var>
<arg>ToDelete</arg>
<arg>${email}</arg>
<arg>password123</arg>
<status status="PASS" start="2025-06-25T18:48:37.346348" elapsed="0.169256"/>
</kw>
<kw name="Get Value From Json" owner="JSONLibrary">
<msg time="2025-06-25T18:48:37.527324" level="INFO">${user_id} = ['685c6eb53f3d572f81557684']</msg>
<var>${user_id}</var>
<arg>${create_response.json()}</arg>
<arg>$.data._id</arg>
<doc>Get Value From JSON using JSONPath</doc>
<status status="PASS" start="2025-06-25T18:48:37.515717" elapsed="0.011626"/>
</kw>
<kw name="Delete User" owner="user_keywords">
<kw name="Create Dictionary" owner="BuiltIn">
<msg time="2025-06-25T18:48:37.527912" level="INFO">${headers} = {'Authorization': 'Bearer eyJhbGciOiJIUzI1NiIsInR5cCI6IkpXVCJ9.eyJpZCI6IjY4NWFmMDQ2YTE4MmMwOTZmZjdlZDY3ZCIsImlhdCI6MTc1MDg4ODExNiwiZXhwIjoxNzUwOTc0NTE2fQ.maRrlnSeboR20FnD_uJPPhzsVIzJSAd1QckEGBcIP_U'}</msg>
<var>${headers}</var>
<arg>Authorization=Bearer ${token}</arg>
<doc>Creates and returns a dictionary based on the given ``items``.</doc>
<status status="PASS" start="2025-06-25T18:48:37.527817" elapsed="0.000107"/>
</kw>
<kw name="DELETE On Session" owner="RequestsLibrary">
<msg time="2025-06-25T18:48:37.652312" level="INFO">DELETE Request : url=http://localhost:3000/api/v1/users/685c6eb53f3d572f81557684 
 path_url=/api/v1/users/685c6eb53f3d572f81557684 
 headers={'User-Agent': 'python-requests/2.32.4', 'Accept-Encoding': 'gzip, deflate', 'Accept': '*/*', 'Connection': 'keep-alive', 'Authorization': 'Bearer eyJhbGciOiJIUzI1NiIsInR5cCI6IkpXVCJ9.eyJpZCI6IjY4NWFmMDQ2YTE4MmMwOTZmZjdlZDY3ZCIsImlhdCI6MTc1MDg4ODExNiwiZXhwIjoxNzUwOTc0NTE2fQ.maRrlnSeboR20FnD_uJPPhzsVIzJSAd1QckEGBcIP_U', 'Content-Length': '0'} 
 body=None 
 </msg>
<msg time="2025-06-25T18:48:37.652391" level="INFO">DELETE Response : url=http://localhost:3000/api/v1/users/685c6eb53f3d572f81557684 
 status=200, reason=OK 
 headers={'X-Powered-By': 'Express', 'Access-Control-Allow-Origin': '*', 'Content-Type': 'application/json; charset=utf-8', 'Content-Length': '41', 'ETag': 'W/"29-acm6zjlFy5zJu9kfItNOkEuApLY"', 'Date': 'Wed, 25 Jun 2025 21:48:37 GMT', 'Connection': 'keep-alive', 'Keep-Alive': 'timeout=5'} 
 body={"success":true,"message":"User removed"} 
 </msg>
<msg time="2025-06-25T18:48:37.652499" level="INFO">${response} = &lt;Response [200]&gt;</msg>
<var>${response}</var>
<arg>api</arg>
<arg>/users/${user_id}</arg>
<arg>headers=${headers}</arg>
<doc>Sends a DELETE request on a previously created HTTP Session.</doc>
<status status="PASS" start="2025-06-25T18:48:37.527976" elapsed="0.124563"/>
</kw>
<return>
<value>${response}</value>
<status status="PASS" start="2025-06-25T18:48:37.652604" elapsed="0.000040"/>
</return>
<msg time="2025-06-25T18:48:37.652773" level="INFO">${delete_response} = &lt;Response [200]&gt;</msg>
<var>${delete_response}</var>
<arg>${ADMIN_TOKEN}</arg>
<arg>${user_id[0]}</arg>
<status status="PASS" start="2025-06-25T18:48:37.527472" elapsed="0.125323"/>
</kw>
<kw name="Should Be Equal As Strings" owner="BuiltIn">
<msg time="2025-06-25T18:48:37.653463" level="INFO">Argument types are:
&lt;class 'int'&gt;
&lt;class 'str'&gt;</msg>
<arg>${delete_response.status_code}</arg>
<arg>200</arg>
<doc>Fails if objects are unequal after converting them to strings.</doc>
<status status="PASS" start="2025-06-25T18:48:37.652969" elapsed="0.000552"/>
</kw>
<kw name="Get Value From Json" owner="JSONLibrary">
<msg time="2025-06-25T18:48:37.670716" level="INFO">${message} = ['User removed']</msg>
<var>${message}</var>
<arg>${delete_response.json()}</arg>
<arg>$.message</arg>
<doc>Get Value From JSON using JSONPath</doc>
<status status="PASS" start="2025-06-25T18:48:37.653687" elapsed="0.017055"/>
</kw>
<kw name="Should Be Equal As Strings" owner="BuiltIn">
<arg>${message[0]}</arg>
<arg>User removed</arg>
<doc>Fails if objects are unequal after converting them to strings.</doc>
<status status="PASS" start="2025-06-25T18:48:37.670873" elapsed="0.000431"/>
</kw>
<tag>Admin</tag>
<status status="PASS" start="2025-06-25T18:48:37.345465" elapsed="0.325936"/>
</test>
<status status="PASS" start="2025-06-25T18:48:36.523303" elapsed="1.148442"/>
</suite>
<status status="PASS" start="2025-06-25T18:48:26.564948" elapsed="11.107176"/>
</suite>
<statistics>
<total>
<stat pass="40" fail="0" skip="0">All Tests</stat>
</total>
<tag>
<stat pass="11" fail="0" skip="0">Admin</stat>
<stat pass="2" fail="0" skip="0">Admin-Movies</stat>
<stat pass="3" fail="0" skip="0">Admin-Sessions</stat>
<stat pass="1" fail="0" skip="0">Admin-Theaters</stat>
<stat pass="1" fail="0" skip="0">Admin-Users</stat>
<stat pass="3" fail="0" skip="0">N/A</stat>
<stat pass="2" fail="0" skip="0">US-AUTH-001</stat>
<stat pass="2" fail="0" skip="0">US-AUTH-002</stat>
<stat pass="3" fail="0" skip="0">US-AUTH-004</stat>
<stat pass="1" fail="0" skip="0">US-MOVIE-001</stat>
<stat pass="2" fail="0" skip="0">US-MOVIE-002</stat>
<stat pass="3" fail="0" skip="0">US-RESERVE-001</stat>
<stat pass="1" fail="0" skip="0">US-RESERVE-003</stat>
<stat pass="3" fail="0" skip="0">US-SESSION-001</stat>
</tag>
<suite>
<stat name="Tests" id="s1" pass="40" fail="0" skip="0">Tests</stat>
<stat name="Test Authentication" id="s1-s1" pass="6" fail="0" skip="0">Tests.Test Authentication</stat>
<stat name="Test Movies" id="s1-s2" pass="5" fail="0" skip="0">Tests.Test Movies</stat>
<stat name="Test Permissions" id="s1-s3" pass="9" fail="0" skip="0">Tests.Test Permissions</stat>
<stat name="Test Reservations" id="s1-s4" pass="5" fail="0" skip="0">Tests.Test Reservations</stat>
<stat name="Test Sessions" id="s1-s5" pass="6" fail="0" skip="0">Tests.Test Sessions</stat>
<stat name="Test Theaters" id="s1-s6" pass="5" fail="0" skip="0">Tests.Test Theaters</stat>
<stat name="Test Users" id="s1-s7" pass="4" fail="0" skip="0">Tests.Test Users</stat>
</suite>
</statistics>
<errors>
<msg time="2025-06-25T18:48:29.032898" level="WARN">AVISO: A documentação Swagger para os endpoints de /sessions está incompleta. Resultados de teste obtidos via backend.</msg>
<msg time="2025-06-25T18:48:29.838016" level="WARN">AVISO: A documentação Swagger para os endpoints de /reservations está incompleta. Resultados de testes obtidos via backend.</msg>
<msg time="2025-06-25T18:48:33.846467" level="WARN">AVISO: A documentação Swagger para os endpoints de /sessions está incompleta. Resultados de testes obtidos via backend.</msg>
</errors>
</robot>
